code-creation,Stub,2,0x2f90a000,213,"JSEntryStub"
code-creation,Stub,2,0x2f90a0e0,213,"JSConstructEntryStub"
code-creation,Stub,2,0x2f90a1c0,622,"CEntryStub"
code-creation,Stub,2,0x2f90a440,97,"StoreBufferOverflowStub"
code-creation,Stub,2,0x2f90a4c0,197,"StoreBufferOverflowStub"
code-creation,Stub,2,0x2f90a5a0,782,"CEntryStub"
code-creation,Stub,2,0x2f90a8c0,79,"StubFailureTrampolineStub"
code-creation,Stub,2,0x2f90a920,80,"StubFailureTrampolineStub"
code-creation,Stub,2,0x2f90a980,1420,"RecordWriteStub"
code-creation,Stub,2,0x2f90af20,1433,"RecordWriteStub"
code-creation,Stub,2,0x2f90b4c0,611,"RecordWriteStub"
code-creation,Stub,2,0x2f90b740,611,"RecordWriteStub"
code-creation,Stub,2,0x2f90b9c0,1433,"RecordWriteStub"
code-creation,Stub,2,0x2f90bf60,1433,"RecordWriteStub"
code-creation,Stub,2,0x2f90c500,1453,"RecordWriteStub"
code-creation,Stub,2,0x2f90cac0,1461,"RecordWriteStub"
code-creation,Stub,2,0x2f90d080,1433,"RecordWriteStub"
code-creation,Stub,2,0x2f90d620,1433,"RecordWriteStub"
code-creation,Stub,2,0x2f90dbc0,611,"RecordWriteStub"
code-creation,Stub,2,0x2f90de40,1437,"RecordWriteStub"
code-creation,Stub,2,0x2f90e3e0,1428,"RecordWriteStub"
code-creation,Stub,2,0x2f90e980,1448,"RecordWriteStub"
code-creation,Stub,2,0x2f90ef40,1453,"RecordWriteStub"
code-creation,Stub,2,0x2f90f500,1448,"RecordWriteStub"
code-creation,Stub,2,0x2f90fac0,297,"ArrayNoArgumentConstructorStub"
code-creation,Stub,2,0x2f90fc00,281,"ArrayNoArgumentConstructorStub"
code-creation,Stub,2,0x2f90fd20,301,"ArrayNoArgumentConstructorStub"
code-creation,Stub,2,0x2f90fe60,285,"ArrayNoArgumentConstructorStub"
code-creation,Stub,2,0x2f90ff80,313,"ArrayNoArgumentConstructorStub"
code-creation,Stub,2,0x2f9100c0,313,"ArrayNoArgumentConstructorStub"
code-creation,Stub,2,0x2f910200,285,"ArrayNoArgumentConstructorStub"
code-creation,Stub,2,0x2f910320,285,"ArrayNoArgumentConstructorStub"
code-creation,Stub,2,0x2f910440,442,"ArraySingleArgumentConstructorStub"
code-creation,Stub,2,0x2f910600,414,"ArraySingleArgumentConstructorStub"
code-creation,Stub,2,0x2f9107a0,446,"ArraySingleArgumentConstructorStub"
code-creation,Stub,2,0x2f910960,430,"ArraySingleArgumentConstructorStub"
code-creation,Stub,2,0x2f910b20,454,"ArraySingleArgumentConstructorStub"
code-creation,Stub,2,0x2f910d00,454,"ArraySingleArgumentConstructorStub"
code-creation,Stub,2,0x2f910ee0,430,"ArraySingleArgumentConstructorStub"
code-creation,Stub,2,0x2f9110a0,430,"ArraySingleArgumentConstructorStub"
code-creation,Stub,2,0x2f911260,492,"ArrayNArgumentsConstructorStub"
code-creation,Stub,2,0x2f911460,468,"ArrayNArgumentsConstructorStub"
code-creation,Stub,2,0x2f911640,492,"ArrayNArgumentsConstructorStub"
code-creation,Stub,2,0x2f911840,472,"ArrayNArgumentsConstructorStub"
code-creation,Stub,2,0x2f911a20,492,"ArrayNArgumentsConstructorStub"
code-creation,Stub,2,0x2f911c20,492,"ArrayNArgumentsConstructorStub"
code-creation,Stub,2,0x2f911e20,428,"ArrayNArgumentsConstructorStub"
code-creation,Stub,2,0x2f911fe0,428,"ArrayNArgumentsConstructorStub"
code-creation,Stub,2,0x2f9121a0,1808,"RecordWriteStub"
code-creation,Stub,2,0x2f9128c0,233,"CreateAllocationSiteStub"
code-creation,Builtin,3,0x2f9129c0,77,"Illegal"
code-creation,Builtin,3,0x2f912a20,77,"EmptyFunction"
code-creation,Builtin,3,0x2f912a80,77,"InternalArrayCodeGeneric"
code-creation,Builtin,3,0x2f912ae0,77,"ArrayCodeGeneric"
code-creation,Builtin,3,0x2f912b40,77,"ArrayPush"
code-creation,Builtin,3,0x2f912ba0,77,"ArrayPop"
code-creation,Builtin,3,0x2f912c00,77,"ArrayShift"
code-creation,Builtin,3,0x2f912c60,77,"ArrayUnshift"
code-creation,Builtin,3,0x2f912cc0,77,"ArraySlice"
code-creation,Builtin,3,0x2f912d20,77,"ArraySplice"
code-creation,Builtin,3,0x2f912d80,77,"ArrayConcat"
code-creation,Builtin,3,0x2f912de0,80,"HandleApiCall"
code-creation,Builtin,3,0x2f912e40,80,"HandleApiCallConstruct"
code-creation,Builtin,3,0x2f912ea0,77,"HandleApiCallAsFunction"
code-creation,Builtin,3,0x2f912f00,77,"HandleApiCallAsConstructor"
code-creation,Builtin,3,0x2f912f60,77,"StrictModePoisonPill"
code-creation,Builtin,3,0x2f912fc0,174,"ArgumentsAdaptorTrampoline"
code-creation,Builtin,3,0x2f913080,75,"InRecompileQueue"
code-creation,Builtin,3,0x2f9130e0,101,"InstallRecompiledCode"
code-creation,Builtin,3,0x2f913160,491,"JSConstructStubCountdown"
code-creation,Builtin,3,0x2f913360,432,"JSConstructStubGeneric"
code-creation,Builtin,3,0x2f913520,406,"JSConstructStubApi"
code-creation,Builtin,3,0x2f9136c0,157,"JSEntryTrampoline"
code-creation,Stub,2,0x2f913760,148,"CallConstructStub"
code-creation,Builtin,3,0x2f913800,131,"JSConstructEntryTrampoline"
code-creation,Builtin,3,0x2f9138a0,101,"LazyCompile"
code-creation,Builtin,3,0x2f913920,101,"LazyRecompile"
code-creation,Builtin,3,0x2f9139a0,107,"ParallelRecompile"
code-creation,Builtin,3,0x2f913a20,143,"NotifyDeoptimized"
code-creation,Builtin,3,0x2f913ac0,143,"NotifySoftDeoptimized"
code-creation,Builtin,3,0x2f913b60,143,"NotifyLazyDeoptimized"
code-creation,Builtin,3,0x2f913c00,94,"NotifyStubFailure"
code-creation,Builtin,3,0x2f913c60,91,"NotifyOSR"
code-creation,Builtin,3,0x2f913cc0,83,"LoadIC_Miss"
code-creation,Builtin,3,0x2f913d20,83,"KeyedLoadIC_Miss"
code-creation,Builtin,3,0x2f913d80,83,"KeyedLoadIC_MissForceGeneric"
code-creation,Builtin,3,0x2f913de0,83,"KeyedLoadIC_Slow"
code-creation,Builtin,3,0x2f913e40,84,"StoreIC_Miss"
code-creation,Builtin,3,0x2f913ea0,84,"StoreIC_Slow"
code-creation,Builtin,3,0x2f913f00,84,"KeyedStoreIC_Miss"
code-creation,Builtin,3,0x2f913f60,84,"KeyedStoreIC_MissForceGeneric"
code-creation,Builtin,3,0x2f913fc0,84,"KeyedStoreIC_Slow"
code-creation,Builtin,5,0x2f914020,83,"LoadIC_Initialize"
code-creation,Builtin,5,0x2f914080,83,"LoadIC_PreMonomorphic"
code-creation,Stub,2,0x2f9140e0,740,"NameDictionaryLookupStub"
code-creation,Builtin,5,0x2f9143e0,313,"LoadIC_Normal"
code-creation,Builtin,5,0x2f914520,266,"LoadIC_Megamorphic"
code-creation,Builtin,5,0x2f914640,80,"LoadIC_Getter_ForDeopt"
code-creation,Builtin,5,0x2f9146a0,83,"LoadIC_Slow"
code-creation,Builtin,6,0x2f914700,83,"KeyedLoadIC_Initialize"
code-creation,Builtin,6,0x2f914760,83,"KeyedLoadIC_PreMonomorphic"
code-creation,Stub,2,0x2f9147c0,740,"NameDictionaryLookupStub"
code-creation,Builtin,6,0x2f914ac0,896,"KeyedLoadIC_Generic"
code-creation,Builtin,6,0x2f914e40,499,"KeyedLoadIC_String"
code-creation,Builtin,6,0x2f915040,144,"KeyedLoadIC_IndexedInterceptor"
code-creation,Builtin,6,0x2f9150e0,216,"KeyedLoadIC_NonStrictArguments"
code-creation,Builtin,9,0x2f9151c0,84,"StoreIC_Initialize"
code-creation,Stub,2,0x2f915220,740,"NameDictionaryLookupStub"
code-creation,Builtin,9,0x2f915520,365,"StoreIC_Normal"
code-creation,Builtin,9,0x2f9156a0,293,"StoreIC_Megamorphic"
code-creation,Builtin,9,0x2f9157e0,88,"StoreIC_Generic"
code-creation,Builtin,9,0x2f915840,88,"StoreIC_Generic_Strict"
code-creation,Builtin,9,0x2f9158a0,88,"StoreIC_GlobalProxy"
code-creation,Builtin,9,0x2f915900,84,"StoreIC_Initialize_Strict"
code-creation,Builtin,9,0x2f915960,365,"StoreIC_Normal_Strict"
code-creation,Builtin,9,0x2f915ae0,293,"StoreIC_Megamorphic_Strict"
code-creation,Builtin,9,0x2f915c20,88,"StoreIC_GlobalProxy_Strict"
code-creation,Builtin,9,0x2f915c80,82,"StoreIC_Setter_ForDeopt"
code-creation,Builtin,10,0x2f915ce0,84,"KeyedStoreIC_Initialize"
code-creation,Builtin,10,0x2f915d40,2086,"KeyedStoreIC_Generic"
code-creation,Builtin,10,0x2f916580,84,"KeyedStoreIC_Initialize_Strict"
code-creation,Builtin,10,0x2f9165e0,2086,"KeyedStoreIC_Generic_Strict"
code-creation,Stub,2,0x2f916e20,1425,"RecordWriteStub"
code-creation,Builtin,10,0x2f9173c0,286,"KeyedStoreIC_NonStrictArguments"
code-creation,Builtin,3,0x2f9174e0,376,"FunctionCall"
code-creation,Builtin,3,0x2f917660,388,"FunctionApply"
code-creation,Stub,2,0x2f917800,229,"InternalArrayNoArgumentConstructorStub"
code-creation,Stub,2,0x2f917900,394,"InternalArraySingleArgumentConstructorStub"
code-creation,Stub,2,0x2f917aa0,404,"InternalArrayNArgumentsConstructorStub"
code-creation,Stub,2,0x2f917c40,229,"InternalArrayNoArgumentConstructorStub"
code-creation,Stub,2,0x2f917d40,394,"InternalArraySingleArgumentConstructorStub"
code-creation,Stub,2,0x2f917ee0,404,"InternalArrayNArgumentsConstructorStub"
code-creation,Stub,2,0x2f918080,169,"InternalArrayConstructorStub"
code-creation,Builtin,3,0x2f918140,78,"InternalArrayCode"
code-creation,Stub,2,0x2f9181a0,517,"ArrayConstructorStub"
code-creation,Builtin,3,0x2f9183c0,83,"ArrayCode"
code-creation,Builtin,3,0x2f918420,358,"StringConstructCode"
code-creation,Builtin,3,0x2f9185a0,511,"OnStackReplacement"
code-creation,Builtin,3,0x2f9187a0,101,"MakeQuadragenarianCodeYoungAgainOddMarking"
code-creation,Builtin,3,0x2f918820,101,"MakeQuadragenarianCodeYoungAgainEvenMarking"
code-creation,Builtin,3,0x2f9188a0,101,"MakeQuinquagenarianCodeYoungAgainOddMarking"
code-creation,Builtin,3,0x2f918920,101,"MakeQuinquagenarianCodeYoungAgainEvenMarking"
code-creation,Builtin,3,0x2f9189a0,101,"MakeSexagenarianCodeYoungAgainOddMarking"
code-creation,Builtin,3,0x2f918a20,101,"MakeSexagenarianCodeYoungAgainEvenMarking"
code-creation,Builtin,3,0x2f918aa0,101,"MakeSeptuagenarianCodeYoungAgainOddMarking"
code-creation,Builtin,3,0x2f918b20,101,"MakeSeptuagenarianCodeYoungAgainEvenMarking"
code-creation,Builtin,3,0x2f918ba0,101,"MakeOctogenarianCodeYoungAgainOddMarking"
code-creation,Builtin,3,0x2f918c20,101,"MakeOctogenarianCodeYoungAgainEvenMarking"
code-creation,Builtin,3,0x2f918ca0,107,"Return_DebugBreak"
code-creation,Builtin,3,0x2f918d20,104,"CallFunctionStub_DebugBreak"
code-creation,Builtin,3,0x2f918da0,106,"CallFunctionStub_Recording_DebugBreak"
code-creation,Builtin,3,0x2f918e20,110,"CallConstructStub_DebugBreak"
code-creation,Builtin,3,0x2f918ea0,112,"CallConstructStub_Recording_DebugBreak"
code-creation,Builtin,5,0x2f918f20,106,"LoadIC_DebugBreak"
code-creation,Builtin,6,0x2f918fa0,106,"KeyedLoadIC_DebugBreak"
code-creation,Builtin,9,0x2f919020,108,"StoreIC_DebugBreak"
code-creation,Builtin,10,0x2f9190a0,108,"KeyedStoreIC_DebugBreak"
code-creation,Builtin,14,0x2f919120,104,"CompareNilIC_DebugBreak"
code-creation,Builtin,3,0x2f9191a0,105,"Slot_DebugBreak"
code-creation,Builtin,3,0x2f919220,65,"PlainReturn_LiveEdit"
code-creation,Builtin,3,0x2f919280,93,"FrameDropper_LiveEdit"
code-creation,Stub,2,0x2f9192e0,76,"StackCheckStub"
code-creation,Stub,2,0x2f919340,271,"CallConstructStub_Recording"
code-creation,Stub,2,0x2f919460,76,"InterruptStub"
code-creation,Script,0,0x2f9194c0,612,"native runtime.js",0x3d00c2d0,
code-creation,Stub,14,0x2f919740,93,"CompareNilICStub(NullValue)(None)"
code-creation,CallInitialize,7,0x2f9197a0,178,"args_count: 1"
code-creation,CallInitialize,7,0x2f919860,178,"args_count: 2"
code-creation,LazyCompile,0,0x2f919920,1740,"EQUALS native runtime.js:54",0x3d00aff0,
code-creation,LazyCompile,0,0x2f91a000,376,"STRICT_EQUALS native runtime.js:108",0x3d00b04c,
code-creation,Stub,2,0x2f91a180,216,"StringCompareStub"
code-creation,Stub,13,0x2f91a260,104,"CompareICStub"
code-creation,LazyCompile,0,0x2f91a2e0,924,"COMPARE native runtime.js:128",0x3d00b0a8,
code-creation,Stub,2,0x2f91a680,1471,"StringAddStub"
code-creation,LazyCompile,0,0x2f91ac40,596,"ADD native runtime.js:171",0x3d00b104,
code-creation,LazyCompile,0,0x2f91aea0,296,"SUB native runtime.js:222",0x3d00b218,
code-creation,LazyCompile,0,0x2f91afe0,296,"MUL native runtime.js:230",0x3d00b274,
code-creation,LazyCompile,0,0x2f91b120,296,"DIV native runtime.js:238",0x3d00b2d0,
code-creation,LazyCompile,0,0x2f91b260,296,"MOD native runtime.js:246",0x3d00b32c,
code-creation,LazyCompile,0,0x2f91b3a0,296,"BIT_OR native runtime.js:260",0x3d00b388,
code-creation,LazyCompile,0,0x2f91b4e0,384,"BIT_AND native runtime.js:268",0x3d00b3e4,
code-creation,LazyCompile,0,0x2f91b660,296,"BIT_XOR native runtime.js:290",0x3d00b440,
code-creation,LazyCompile,0,0x2f91b7a0,244,"UNARY_MINUS native runtime.js:298",0x3d00b49c,
code-creation,LazyCompile,0,0x2f91b8a0,244,"BIT_NOT native runtime.js:305",0x3d00b4f8,
code-creation,LazyCompile,0,0x2f91b9a0,296,"SHL native runtime.js:312",0x3d00b554,
code-creation,LazyCompile,0,0x2f91bae0,384,"SAR native runtime.js:320",0x3d00b5b0,
code-creation,LazyCompile,0,0x2f91bc60,296,"SHR native runtime.js:342",0x3d00b60c,
code-creation,LazyCompile,0,0x2f91bda0,228,"DELETE native runtime.js:356",0x3d00b668,
code-creation,Stub,2,0x2f91bea0,245,"StoreArrayLiteralElementStub"
code-creation,LazyCompile,0,0x2f91bfa0,368,"IN native runtime.js:362",0x3d00b6c4,
code-creation,Stub,13,0x2f91c120,104,"CompareICStub"
code-creation,Stub,15,0x2f91c1a0,93,"ToBooleanStub(None)"
code-creation,LazyCompile,0,0x2f91c200,644,"INSTANCE_OF native runtime.js:375",0x3d00b720,
code-creation,LazyCompile,0,0x2f91c4a0,236,"FILTER_KEY native runtime.js:406",0x3d00b77c,
code-creation,Stub,2,0x2f91c5a0,351,"ArgumentsAccessStub_NewNonStrictFast"
code-creation,LazyCompile,0,0x2f91c700,380,"CALL_NON_FUNCTION native runtime.js:413",0x3d00b7d8,
code-creation,LazyCompile,0,0x2f91c880,380,"CALL_NON_FUNCTION_AS_CONSTRUCTOR native runtime.js:422",0x3d00b834,
code-creation,Stub,12,0x2f91ca00,88,"BinaryOpStub_SUB_Alloc_Uninitialized+Uninitialized"
code-creation,Stub,2,0x2f91ca60,130,"ArgumentsAccessStub_ReadElement"
code-creation,LazyCompile,0,0x2f91cb00,288,"CALL_FUNCTION_PROXY native runtime.js:431",0x3d00b890,
code-creation,LazyCompile,0,0x2f91cc20,260,"CALL_FUNCTION_PROXY_AS_CONSTRUCTOR native runtime.js:439",0x3d00b8ec,
code-creation,LazyCompile,0,0x2f91cd40,188,"TO_OBJECT native runtime.js:490",0x3d00ba00,
code-creation,LazyCompile,0,0x2f91ce00,188,"TO_NUMBER native runtime.js:496",0x3d00ba5c,
code-creation,LazyCompile,0,0x2f91cec0,188,"TO_STRING native runtime.js:502",0x3d00bab8,
code-creation,Stub,2,0x2f91cf80,196,"NumberToStringStub"
code-creation,LazyCompile,0,0x2f91d060,572,"STRING_ADD_LEFT native runtime.js:191",0x3d00b160,
code-creation,LazyCompile,0,0x2f91d2a0,580,"STRING_ADD_RIGHT native runtime.js:206",0x3d00b1bc,
code-creation,Stub,13,0x2f91d500,104,"CompareICStub"
code-creation,Stub,13,0x2f91d580,104,"CompareICStub"
code-creation,Stub,13,0x2f91d600,104,"CompareICStub"
code-creation,LazyCompile,0,0x2f91d680,912,"APPLY_PREPARE native runtime.js:446",0x3d00b948,
code-creation,LazyCompile,0,0x2f91da20,232,"APPLY_OVERFLOW native runtime.js:484",0x3d00b9a4,
code-creation,CallInitialize,7,0x2f91db20,180,"args_count: 0"
code-creation,CallInitialize,7,0x2f91dbe0,180,"args_count: 12"
code-creation,CallInitialize,7,0x2f91dca0,189,"args_count: 38"
code-creation,CallInitialize,7,0x2f91dd60,180,"args_count: 3"
code-creation,Script,0,0x2f91de20,1084,"native v8natives.js",0x3d00ff78,
code-creation,CallPreMonomorphic,7,0x2f91e260,180,"args_count: 0"
code-creation,CallInitialize,7,0x2f91e320,180,"args_count: 10"
code-creation,LazyCompile,0,0x2f91e3e0,452,"SetUpGlobal native v8natives.js:197",0x3d00db94,
code-creation,CallPreMonomorphic,7,0x2f91e5c0,180,"args_count: 10"
code-creation,CallPreMonomorphic,7,0x2f91e680,180,"args_count: 3"
code-creation,Stub,12,0x2f91e740,88,"BinaryOpStub_SAR_Alloc_Uninitialized+Uninitialized"
code-creation,Stub,12,0x2f91e7a0,88,"BinaryOpStub_ADD_Alloc_Uninitialized+Uninitialized"
code-creation,LazyCompile,0,0x2f91e800,564,"InstallFunctions native v8natives.js:46",0x3d00d858,
code-creation,Stub,13,0x2f91ea40,122,"CompareICStub"
code-creation,Stub,12,0x2f91eac0,155,"BinaryOpStub_SAR_Alloc_Smi+Smi"
code-creation,Stub,13,0x2f91eb60,122,"CompareICStub"
code-creation,Stub,2,0x2f91ebe0,188,"KeyedLoadElementStub"
code-creation,KeyedLoadIC,6,0x2f91eca0,91,""
code-creation,Stub,12,0x2f91ed00,146,"BinaryOpStub_ADD_Alloc_Smi+Smi"
code-creation,Stub,2,0x2f91eda0,76,"LoadFieldStub"
code-creation,LoadIC,5,0x2f91ee00,93,"length"
code-creation,CallPreMonomorphic,7,0x2f91ee60,180,"args_count: 12"
code-creation,CallPreMonomorphic,7,0x2f91ef20,189,"args_count: 38"
code-creation,Stub,12,0x2f91efe0,88,"BinaryOpStub_ADD_OverwriteLeft_Uninitialized+Uninitialized"
code-creation,Stub,2,0x2f91f040,204,"ToNumberStub"
code-creation,LazyCompile,0,0x2f91f120,820,"SetUpLockedPrototype native v8natives.js:87",0x3d00d96c,
code-creation,Stub,15,0x2f91f460,148,"ToBooleanStub(SpecObject)"
code-creation,Stub,12,0x2f91f500,146,"BinaryOpStub_ADD_OverwriteLeft_Smi+Smi"
code-creation,CallInitialize,7,0x2f91f5a0,180,"args_count: 20"
code-creation,CallInitialize,7,0x2f91f660,180,"args_count: 4"
code-creation,CallInitialize,7,0x2f91f720,180,"args_count: 28"
code-creation,LazyCompile,0,0x2f91f7e0,1044,"SetUpObject native v8natives.js:1385",0x3d00ee44,
code-creation,CallInitialize,7,0x2f91fc00,180,"args_count: 1"
code-creation,LazyCompile,0,0x2f91fcc0,308,"ObjectConstructor native v8natives.js:1371",0x3d00ede8,
code-creation,LazyCompile,0,0x2f91fcc0,308,"ObjectConstructor native v8natives.js:1371",0x3d00ede8,
code-creation,CallPreMonomorphic,7,0x2f91fe00,180,"args_count: 20"
code-creation,CallPreMonomorphic,7,0x2f91fec0,180,"args_count: 4"
code-creation,LazyCompile,0,0x2f91ff80,304,"InstallGetterSetter native v8natives.js:72",0x3d00d910,
code-creation,CallPreMonomorphic,7,0x2f9200c0,180,"args_count: 28"
code-creation,LazyCompile,0,0x2f920180,448,"SetUpBoolean native v8natives.js:1472",0x3d00efb4,
code-creation,LazyCompile,0,0x2f920340,292,"BooleanConstructor native v8natives.js:1437",0x3d00eea0,
code-creation,LazyCompile,0,0x2f920340,292,"BooleanConstructor native v8natives.js:1437",0x3d00eea0,
code-creation,CallPreMonomorphic,7,0x2f920480,180,"args_count: 1"
code-creation,LazyCompile,0,0x2f920540,404,"ToBoolean native runtime.js:526",0x3d00bb70,
code-creation,LazyCompile,0,0x2f9206e0,924,"SetUpNumber native v8natives.js:1635",0x3d00f34c,
code-creation,LazyCompile,0,0x2f920a80,336,"NumberConstructor native v8natives.js:1491",0x3d00f010,
code-creation,LazyCompile,0,0x2f920a80,336,"NumberConstructor native v8natives.js:1491",0x3d00f010,
code-creation,Stub,13,0x2f920be0,116,"CompareICStub"
code-creation,LazyCompile,0,0x2f920c60,504,"ToNumber native runtime.js:536",0x3d00bbcc,
code-creation,LazyCompile,0,0x2f920e60,380,"SetUpFunction native v8natives.js:1826",0x3d00f574,
code-creation,Stub,2,0x2f920fe0,160,"FastNewContextStub"
code-creation,Stub,2,0x2f921080,1420,"RecordWriteStub"
code-creation,CallInitialize,7,0x2f921620,180,"args_count: 2"
code-creation,LazyCompile,0,0x2f9216e0,440,"FunctionConstructor native v8natives.js:1813",0x3d00f518,
code-creation,LazyCompile,0,0x2f9216e0,440,"FunctionConstructor native v8natives.js:1813",0x3d00f518,
code-creation,Script,0,0x2f9218a0,268,"native array.js",0x3d012a38,
code-creation,Stub,2,0x2f9219c0,304,"FastNewClosureStub"
code-creation,Stub,2,0x2f921b00,331,"CallFunctionStub_Args2_Recording"
code-creation,Stub,2,0x2f921c60,331,"CallFunctionStub_Args3_Recording"
code-creation,CallInitialize,7,0x2f921dc0,189,"args_count: 42"
code-creation,CallInitialize,7,0x2f921e80,180,"args_count: 6"
code-creation,LazyCompile,0,0x2f921f40,2272,"SetUpArray native array.js:1591",0x3d012840,
code-creation,CallPreMonomorphic,7,0x2f922820,180,"args_count: 2"
code-creation,LazyCompile,0,0x2f9228e0,292,"SetUpArray.b native array.js:1605",0x3d013514,
code-creation,CallPreMonomorphic,7,0x2f922a20,178,"args_count: 1"
code-creation,LazyCompile,0,0x2f922ae0,404,"hasOwnProperty native v8natives.js:251",0x3d00dd04,
code-creation,Stub,15,0x2f922c80,136,"ToBooleanStub(Bool)"
code-creation,LazyCompile,0,0x2f922d20,220,"ToName native runtime.js:578",0x3d00bd3c,
code-creation,LazyCompile,0,0x2f922e00,416,"ToString native runtime.js:561",0x3d00bc84,
code-creation,CallMiss,7,0x2f922fa0,178,"args_count: 1"
code-creation,CallIC,7,0x2f923060,136,"hasOwnProperty"
code-creation,CallMiss,7,0x2f923100,180,"args_count: 1"
code-creation,CallIC,7,0x2f9231c0,136,"ToName"
code-creation,CallIC,7,0x2f923260,135,"ToString"
code-creation,Stub,2,0x2f923300,75,"push"
code-creation,KeyedLoadIC,6,0x2f923360,105,"push"
code-creation,Stub,2,0x2f9233e0,75,"concat"
code-creation,CallPreMonomorphic,7,0x2f923440,189,"args_count: 42"
code-creation,Stub,5,0x2f923500,145,"FunctionPrototypeStub"
code-creation,LoadIC,5,0x2f9235a0,93,"length"
code-creation,LoadPolymorphicIC,5,0x2f923600,105,"length"
code-creation,CallPreMonomorphic,7,0x2f923680,180,"args_count: 6"
code-creation,Stub,2,0x2f923740,273,"FastCloneShallowArrayStub"
code-creation,Script,0,0x2f923860,408,"native string.js",0x3d014f0c,
code-creation,CallInitialize,7,0x2f923a00,189,"args_count: 70"
code-creation,LazyCompile,0,0x2f923ac0,1132,"SetUpString native string.js:962",0x3d014cb8,
code-creation,LazyCompile,0,0x2f923f40,380,"StringConstructor native string.js:35",0x3d013d44,
code-creation,LazyCompile,0,0x2f923f40,380,"StringConstructor native string.js:35",0x3d013d44,
code-creation,CallPreMonomorphic,7,0x2f9240c0,189,"args_count: 70"
code-creation,Script,0,0x2f924180,264,"native uri.js",0x3d0162dc,
code-creation,LazyCompile,0,0x2f9242a0,336,"SetUpUri native uri.js:442",0x3d0161a4,
code-creation,Script,0,0x2f924400,340,"native math.js",0x3d0170d8,
code-creation,LazyCompile,0,0x2f924560,164,"MathConstructor native math.js:40",0x3d016848,
code-creation,LazyCompile,0,0x2f924620,1112,"SetUpMath native math.js:226",0x3d016f78,
code-creation,CallInitialize,7,0x2f924a80,180,"args_count: 7"
code-creation,CallInitialize,7,0x2f924b40,180,"args_count: 14"
code-creation,CallInitialize,7,0x2f924c00,180,"args_count: 5"
code-creation,CallInitialize,7,0x2f924cc0,189,"args_count: 32"
code-creation,Script,0,0x2f924d80,1880,"native messages.js",0x3d01a4c8,
code-creation,LazyCompile,0,0x2f9254e0,216," native messages.js:294",0x3d01a428,
code-creation,LazyCompile,0,0x2f9254e0,216," native messages.js:294",0x3d01a428,
code-creation,CallPreMonomorphic,7,0x2f9255c0,180,"args_count: 7"
code-creation,CallPreMonomorphic,7,0x2f925680,180,"args_count: 14"
code-creation,CallPreMonomorphic,7,0x2f925740,180,"args_count: 5"
code-creation,CallPreMonomorphic,7,0x2f925800,189,"args_count: 32"
code-creation,Stub,2,0x2f9258c0,331,"CallFunctionStub_Args1_Recording"
code-creation,LazyCompile,0,0x2f925a20,460,"SetUpError native messages.js:1178",0x3d01a03c,
code-creation,LazyCompile,0,0x2f925c00,692,"SetUpError.a native messages.js:1181",0x3d01b4c8,
code-creation,Stub,2,0x2f925ec0,1447,"StringAddStub"
code-creation,Stub,12,0x2f926480,124,"BinaryOpStub_ADD_Alloc_String+String"
code-creation,Stub,13,0x2f926500,141,"CompareICStub"
code-creation,LazyCompile,0,0x2f9265a0,164,"d native messages.js:1197",0x3d01b814,
code-creation,LazyCompile,0,0x2f926660,360," native messages.js:1207",0x3d01b870,
code-creation,LazyCompile,0,0x2f926660,360," native messages.js:1207",0x3d01b870,
code-creation,LoadIC,5,0x2f9267e0,110,"global"
code-creation,LoadIC,5,0x2f926860,110,"builtins"
code-creation,Stub,2,0x2f9268e0,166,"FastNewContextStub"
code-creation,LazyCompile,0,0x2f9269a0,580,"captureStackTrace native messages.js:1138",0x3d019fe0,
code-creation,Stub,15,0x2f926c00,128,"ToBooleanStub(Undefined)"
code-creation,LazyCompile,0,0x2f926660,360," native messages.js:1207",0x3d01b870,
code-creation,LoadIC,5,0x2f926c80,110,"$Error"
code-creation,CallMiss,7,0x2f926d00,180,"args_count: 2"
code-creation,CallIC,7,0x2f926dc0,136,"captureStackTrace"
code-creation,Stub,2,0x2f926e60,121,""
code-creation,LoadIC,5,0x2f926ee0,93,"stackTraceLimit"
code-creation,LazyCompile,0,0x2f926660,360," native messages.js:1207",0x3d01b870,
code-creation,LazyCompile,0,0x2f926660,360," native messages.js:1207",0x3d01b870,
code-creation,LazyCompile,0,0x2f926660,360," native messages.js:1207",0x3d01b870,
code-creation,LazyCompile,0,0x2f926660,360," native messages.js:1207",0x3d01b870,
code-creation,LazyCompile,0,0x2f926660,360," native messages.js:1207",0x3d01b870,
code-creation,Stub,14,0x2f926f40,128,"CompareNilICStub(NullValue)(Undefined)"
code-creation,LazyCompile,0,0x2f926fc0,408,"SetUpStackOverflowBoilerplate native messages.js:1306",0x3d01a1ac,
code-creation,LazyCompile,0,0x2f927160,200,"MakeRangeError native messages.js:335",0x3d019124,
code-creation,LazyCompile,0,0x2f927240,280,"MakeGenericError native messages.js:282",0x3d018f58,
code-creation,LazyCompile,0,0x2f927360,264,"FormatMessage native messages.js:301",0x3d018fb4,
code-creation,Stub,12,0x2f927480,88,"BinaryOpStub_SHR_OverwriteLeft_Uninitialized+Uninitialized"
code-creation,LazyCompile,0,0x2f9274e0,1432,"FormatString native messages.js:187",0x3d018d8c,
code-creation,Stub,2,0x2f927a80,121,""
code-creation,LoadPolymorphicIC,5,0x2f927b00,105,"stackTraceLimit"
code-creation,Stub,12,0x2f927b80,124,"BinaryOpStub_ADD_OverwriteLeft_String+String"
code-creation,Script,0,0x2f927c00,280,"native apinatives.js",0x3d01c050,
code-creation,Script,0,0x2f927d20,616,"native date.js",0x3d01dd9c,
code-creation,CallInitialize,7,0x2f927fa0,189,"args_count: 92"
code-creation,LazyCompile,0,0x2f928060,1396,"SetUpDate native date.js:761",0x3d01daa4,
code-creation,CallInitialize,7,0x2f9285e0,178,"args_count: 0"
code-creation,Stub,13,0x2f9286a0,104,"CompareICStub"
code-creation,LazyCompile,0,0x2f928720,1392,"DateConstructor native date.js:141",0x3d01c570,
code-creation,LazyCompile,0,0x2f928720,1392,"DateConstructor native date.js:141",0x3d01c570,
code-creation,CallPreMonomorphic,7,0x2f928ca0,189,"args_count: 92"
code-creation,Script,0,0x2f928d60,264,"native json.js",0x3d01f170,
code-creation,LazyCompile,0,0x2f928e80,260,"SetUpJSON native json.js:219",0x3d01f03c,
code-creation,Script,0,0x2f928fa0,404,"native regexp.js",0x3d01fba4,
code-creation,CallInitialize,7,0x2f929140,180,"args_count: 8"
code-creation,LazyCompile,0,0x2f929200,1564,"SetUpRegExp native regexp.js:400",0x3d01fa5c,
code-creation,LazyCompile,0,0x2f929820,324,"RegExpConstructor native regexp.js:90",0x3d01f554,
code-creation,LazyCompile,0,0x2f929820,324,"RegExpConstructor native regexp.js:90",0x3d01f554,
code-creation,CallPreMonomorphic,7,0x2f929980,180,"args_count: 8"
code-creation,Stub,2,0x2f929a40,1665,"StringAddStub"
code-creation,Stub,2,0x2f92a0e0,1662,"StringAddStub"
code-creation,Stub,12,0x2f92a760,133,"BinaryOpStub_ADD_Alloc_String+Smi"
code-creation,CallPreMonomorphic,7,0x2f92a800,178,"args_count: 2"
code-creation,LazyCompile,0,0x2f92a8c0,600,"ToPrimitive native runtime.js:514",0x3d00bb14,
code-creation,LazyCompile,0,0x2f92ab20,224,"RegExpMakeCaptureGetter native regexp.js:360",0x3d01fa00,
code-creation,LoadIC,5,0x2f92ac00,110,"$RegExp"
code-creation,Stub,13,0x2f92ac80,473,"CompareICStub"
code-creation,CallIC,7,0x2f92ae60,136,"RegExpMakeCaptureGetter"
code-creation,Function,0,0x2f92af00,144,"sum nwsnap.bin:1",0x3d0205bc,
code-creation,Script,0,0x2f92afa0,152,"nwsnap.bin",0x3d020650,
snapshot-code-name,4535,"Stub:ArraySingleArgumentConstructorStub"
snapshot-code-name,5243,"Stub:CEntryStub"
snapshot-code-name,6315,"Stub:StringAddStub"
snapshot-code-name,8185,"Stub:RecordWriteStub"
snapshot-code-name,9756,"Stub:StoreBufferOverflowStub"
snapshot-code-name,10021,"Stub:RecordWriteStub"
snapshot-code-name,11753,"Stub:CEntryStub"
snapshot-code-name,12640,"Stub:ArraySingleArgumentConstructorStub"
snapshot-code-name,13386,"Stub:CompareICStub"
snapshot-code-name,13556,"Stub:RecordWriteStub"
snapshot-code-name,15221,"Stub:RecordWriteStub"
snapshot-code-name,15932,"Stub:RecordWriteStub"
snapshot-code-name,17859,"Stub:StoreBufferOverflowStub"
snapshot-code-name,18235,"Stub:InterruptStub"
snapshot-code-name,18371,"Stub:ArrayNArgumentsConstructorStub"
snapshot-code-name,19041,"Stub:LoadFieldStub"
snapshot-code-name,19164,"Stub:CompareICStub"
snapshot-code-name,19337,"Stub:ArgumentsAccessStub_ReadElement"
snapshot-code-name,19540,"Stub:FastNewContextStub"
snapshot-code-name,19768,"Stub:CompareNilICStub(NullValue)(None)"
snapshot-code-name,19910,"Stub:ArrayNoArgumentConstructorStub"
snapshot-code-name,20356,"Stub:FastNewContextStub"
snapshot-code-name,20612,"Stub:ArrayNoArgumentConstructorStub"
snapshot-code-name,21028,"Stub:CompareICStub"
snapshot-code-name,21231,"Stub:RecordWriteStub"
snapshot-code-name,21942,"Stub:ArrayNArgumentsConstructorStub"
snapshot-code-name,22612,"Stub:CompareICStub"
snapshot-code-name,22786,"Stub:CreateAllocationSiteStub"
snapshot-code-name,23139,"Stub:BinaryOpStub_ADD_OverwriteLeft_Smi+Smi"
snapshot-code-name,23342,"Stub:InternalArrayNoArgumentConstructorStub"
snapshot-code-name,23674,"Stub:RecordWriteStub"
snapshot-code-name,25371,"Stub:InternalArraySingleArgumentConstructorStub"
snapshot-code-name,26009,"Stub:RecordWriteStub"
snapshot-code-name,26724,"Stub:InternalArrayNArgumentsConstructorStub"
snapshot-code-name,27244,"Stub:JSConstructEntryStub"
snapshot-code-name,27589,"Stub:CompareICStub"
snapshot-code-name,27761,"Stub:BinaryOpStub_ADD_OverwriteLeft_String+String"
snapshot-code-name,27911,"Stub:StringAddStub"
snapshot-code-name,29624,"Stub:InternalArrayNoArgumentConstructorStub"
snapshot-code-name,29956,"Stub:InternalArraySingleArgumentConstructorStub"
snapshot-code-name,30594,"Stub:StringAddStub"
snapshot-code-name,32288,"Stub:FastCloneShallowArrayStub"
snapshot-code-name,32731,"Stub:ArrayNoArgumentConstructorStub"
snapshot-code-name,33143,"Stub:BinaryOpStub_SUB_Alloc_Uninitialized+Uninitialized"
snapshot-code-name,33280,"Stub:StackCheckStub"
snapshot-code-name,33419,"Stub:RecordWriteStub"
snapshot-code-name,35081,"Stub:ArraySingleArgumentConstructorStub"
snapshot-code-name,35830,"Stub:CompareICStub"
snapshot-code-name,36000,"Stub:CallFunctionStub_Args3_Recording"
snapshot-code-name,36399,"Builtin:ArgumentsAdaptorTrampoline"
snapshot-code-name,36638,"Stub:RecordWriteStub"
snapshot-code-name,38303,"Stub:CompareICStub"
snapshot-code-name,38476,"Stub:NumberToStringStub"
snapshot-code-name,38752,"Stub:ToBooleanStub(SpecObject)"
snapshot-code-name,39003,"Stub:ArgumentsAccessStub_NewNonStrictFast"
snapshot-code-name,39423,"Stub:ArraySingleArgumentConstructorStub"
snapshot-code-name,40139,"Stub:ArrayNoArgumentConstructorStub"
snapshot-code-name,40552,"Stub:RecordWriteStub"
snapshot-code-name,42216,"Stub:BinaryOpStub_ADD_Alloc_String+Smi"
snapshot-code-name,42405,"Stub:StringAddStub"
snapshot-code-name,44327,"Stub:NameDictionaryLookupStub"
snapshot-code-name,45175,"Stub:ArraySingleArgumentConstructorStub"
snapshot-code-name,45894,"Stub:NameDictionaryLookupStub"
snapshot-code-name,46738,"Stub:CompareICStub"
snapshot-code-name,46908,"Stub:CallFunctionStub_Args2_Recording"
snapshot-code-name,47334,"Stub:ArrayNoArgumentConstructorStub"
snapshot-code-name,47747,"Stub:RecordWriteStub"
snapshot-code-name,49408,"Stub:BinaryOpStub_ADD_Alloc_Smi+Smi"
snapshot-code-name,49614,"Stub:CallConstructStub_Recording"
snapshot-code-name,49963,"Stub:ToBooleanStub(Bool)"
snapshot-code-name,50220,"Stub:StubFailureTrampolineStub"
snapshot-code-name,50351,"Stub:ArraySingleArgumentConstructorStub"
snapshot-code-name,51035,"Stub:NameDictionaryLookupStub"
snapshot-code-name,51880,"Stub:RecordWriteStub"
snapshot-code-name,53545,"Stub:ArraySingleArgumentConstructorStub"
snapshot-code-name,54261,"Stub:ArrayNArgumentsConstructorStub"
snapshot-code-name,54973,"Stub:ToBooleanStub(Undefined)"
snapshot-code-name,55192,"Stub:BinaryOpStub_ADD_OverwriteLeft_Uninitialized+Uninitialized"
snapshot-code-name,55327,"Stub:ArrayNoArgumentConstructorStub"
snapshot-code-name,55774,"Stub:KeyedLoadElementStub"
snapshot-code-name,56095,"Stub:RecordWriteStub"
snapshot-code-name,57757,"Stub:StoreArrayLiteralElementStub"
snapshot-code-name,58049,"Stub:RecordWriteStub"
snapshot-code-name,59750,"Stub:CallFunctionStub_Args1_Recording"
snapshot-code-name,60172,"Stub:FunctionPrototypeStub"
snapshot-code-name,60355,"Builtin:LoadIC_Miss"
snapshot-code-name,60495,"Stub:CompareICStub"
snapshot-code-name,60668,"Stub:ArrayNoArgumentConstructorStub"
snapshot-code-name,61117,"Stub:FastNewClosureStub"
snapshot-code-name,61526,"Stub:RecordWriteStub"
snapshot-code-name,63188,"Stub:ArrayNArgumentsConstructorStub"
snapshot-code-name,63796,"Stub:BinaryOpStub_SHR_OverwriteLeft_Uninitialized+Uninitialized"
snapshot-code-name,63933,"Stub:StringCompareStub"
snapshot-code-name,64204,"Stub:CompareNilICStub(NullValue)(Undefined)"
snapshot-code-name,64433,"Stub:ToBooleanStub(None)"
snapshot-code-name,64574,"Stub:BinaryOpStub_SAR_Alloc_Uninitialized+Uninitialized"
snapshot-code-name,64709,"Stub:RecordWriteStub"
snapshot-code-name,66373,"Stub:StubFailureTrampolineStub"
snapshot-code-name,66503,"Stub:BinaryOpStub_SAR_Alloc_Smi+Smi"
snapshot-code-name,66724,"Stub:ArrayConstructorStub"
snapshot-code-name,67337,"Stub:ArrayNoArgumentConstructorStub"
snapshot-code-name,67800,"Stub:ArraySingleArgumentConstructorStub"
snapshot-code-name,68541,"Stub:ArrayNArgumentsConstructorStub"
snapshot-code-name,69244,"Stub:ArrayNArgumentsConstructorStub"
snapshot-code-name,69942,"Stub:ArrayNArgumentsConstructorStub"
snapshot-code-name,70640,"Stub:ArrayNArgumentsConstructorStub"
snapshot-code-name,71291,"Stub:RecordWriteStub"
snapshot-code-name,72955,"Stub:BinaryOpStub_ADD_Alloc_Uninitialized+Uninitialized"
snapshot-code-name,73107,"Stub:JSEntryStub"
snapshot-code-name,73456,"Stub:RecordWriteStub"
snapshot-code-name,75174,"Stub:InternalArrayNArgumentsConstructorStub"
snapshot-code-name,75685,"Stub:ToNumberStub"
snapshot-code-name,75950,"Stub:InternalArrayConstructorStub"
snapshot-code-name,76217,"Stub:CompareICStub"
snapshot-code-name,76387,"Stub:BinaryOpStub_ADD_Alloc_String+String"
snapshot-code-name,76597,"Stub:CallConstructStub"
snapshot-code-name,76796,"Stub:CompareICStub"
snapshot-code-name,77382,"CallPreMonomorphic:42"
snapshot-code-name,77625,"CallInitialize:8"
snapshot-code-name,77868,"CallPreMonomorphic:2"
snapshot-code-name,78114,"CallPreMonomorphic:14"
snapshot-code-name,78360,"CallPreMonomorphic:10"
snapshot-code-name,78607,"CallPreMonomorphic:20"
snapshot-code-name,78853,"CallPreMonomorphic:92"
snapshot-code-name,79099,"CallPreMonomorphic:12"
snapshot-code-name,79345,"CallPreMonomorphic:32"
snapshot-code-name,79588,"CallPreMonomorphic:2"
snapshot-code-name,79831,"CallPreMonomorphic:7"
snapshot-code-name,80077,"CallInitialize:14"
snapshot-code-name,80323,"CallInitialize:38"
snapshot-code-name,80570,"CallPreMonomorphic:8"
snapshot-code-name,80816,"CallPreMonomorphic:5"
snapshot-code-name,81062,"CallInitialize:2"
snapshot-code-name,81305,"CallInitialize:12"
snapshot-code-name,81548,"CallInitialize:2"
snapshot-code-name,81791,"CallInitialize:42"
snapshot-code-name,82034,"CallMiss:1"
snapshot-code-name,82280,"CallInitialize:0"
snapshot-code-name,82523,"CallPreMonomorphic:38"
snapshot-code-name,82769,"CallInitialize:28"
snapshot-code-name,83015,"CallPreMonomorphic:0"
snapshot-code-name,83262,"CallInitialize:70"
snapshot-code-name,83509,"CallPreMonomorphic:3"
snapshot-code-name,83752,"CallInitialize:10"
snapshot-code-name,83999,"CallPreMonomorphic:1"
snapshot-code-name,84242,"CallInitialize:5"
snapshot-code-name,84485,"CallMiss:1"
snapshot-code-name,84731,"CallInitialize:6"
snapshot-code-name,84977,"CallPreMonomorphic:28"
snapshot-code-name,85224,"CallInitialize:32"
snapshot-code-name,85467,"CallPreMonomorphic:1"
snapshot-code-name,85710,"CallPreMonomorphic:4"
snapshot-code-name,85953,"CallInitialize:0"
snapshot-code-name,86199,"CallMiss:2"
snapshot-code-name,86446,"CallInitialize:1"
snapshot-code-name,86689,"CallPreMonomorphic:70"
snapshot-code-name,86932,"CallPreMonomorphic:6"
snapshot-code-name,87175,"CallInitialize:92"
snapshot-code-name,87421,"CallInitialize:4"
snapshot-code-name,87667,"CallInitialize:1"
snapshot-code-name,87913,"CallInitialize:3"
snapshot-code-name,88159,"CallInitialize:20"
snapshot-code-name,88405,"CallInitialize:7"
snapshot-code-name,109975,"Builtin:Return_DebugBreak"
snapshot-code-name,110143,"Builtin:Slot_DebugBreak"
snapshot-code-name,110368,"Builtin:EmptyFunction"
snapshot-code-name,110501,"Builtin:JSConstructStubGeneric"
snapshot-code-name,111176,"Script:native math.js"
snapshot-code-name,111742,"LazyCompile:MathConstructor native math.js:40"
snapshot-code-name,113463,"Builtin:LazyCompile"
snapshot-code-name,115787,"LazyCompile:SetUpMath native math.js:226"
snapshot-code-name,117343,"Builtin:LoadIC_Initialize"
snapshot-code-name,118625,"Script:native messages.js"
snapshot-code-name,121394,"LazyCompile:FormatString native messages.js:187"
snapshot-code-name,123126,"Builtin:KeyedLoadIC_Initialize"
snapshot-code-name,129683,"LazyCompile:MakeGenericError native messages.js:282"
snapshot-code-name,130266,"LazyCompile:FormatMessage native messages.js:301"
snapshot-code-name,131167,"LazyCompile:MakeRangeError native messages.js:335"
snapshot-code-name,136090,"LazyCompile:captureStackTrace native messages.js:1138"
snapshot-code-name,137373,"LazyCompile:SetUpError native messages.js:1178"
snapshot-code-name,138073,"LazyCompile:SetUpError.a native messages.js:1181"
snapshot-code-name,139159,"LazyCompile:d native messages.js:1197"
snapshot-code-name,139675,"LazyCompile: native messages.js:1207"
snapshot-code-name,141876,"LazyCompile:SetUpStackOverflowBoilerplate native messages.js:1306"
snapshot-code-name,160769,"LazyCompile: native messages.js:294"
snapshot-code-name,163006,"Builtin:StoreIC_Initialize"
snapshot-code-name,163500,"Script:native array.js"
snapshot-code-name,175093,"LazyCompile:SetUpArray native array.js:1591"
snapshot-code-name,178556,"LazyCompile:SetUpArray.b native array.js:1605"
snapshot-code-name,180449,"Script:native date.js"
snapshot-code-name,185649,"LazyCompile:DateConstructor native date.js:141"
snapshot-code-name,195218,"LazyCompile:SetUpDate native date.js:761"
snapshot-code-name,199315,"Script:native v8natives.js"
snapshot-code-name,200776,"LazyCompile:InstallFunctions native v8natives.js:46"
snapshot-code-name,209401,"LazyCompile:InstallGetterSetter native v8natives.js:72"
snapshot-code-name,210039,"LazyCompile:SetUpLockedPrototype native v8natives.js:87"
snapshot-code-name,212064,"LazyCompile:SetUpGlobal native v8natives.js:197"
snapshot-code-name,213377,"LazyCompile:hasOwnProperty native v8natives.js:251"
snapshot-code-name,219577,"LazyCompile:ObjectConstructor native v8natives.js:1371"
snapshot-code-name,220183,"LazyCompile:SetUpObject native v8natives.js:1385"
snapshot-code-name,222424,"LazyCompile:BooleanConstructor native v8natives.js:1437"
snapshot-code-name,223216,"LazyCompile:SetUpBoolean native v8natives.js:1472"
snapshot-code-name,224193,"LazyCompile:NumberConstructor native v8natives.js:1491"
snapshot-code-name,225596,"LazyCompile:SetUpNumber native v8natives.js:1635"
snapshot-code-name,228131,"LazyCompile:FunctionConstructor native v8natives.js:1813"
snapshot-code-name,228950,"LazyCompile:SetUpFunction native v8natives.js:1826"
snapshot-code-name,232699,"Script:native runtime.js"
snapshot-code-name,233659,"LazyCompile:EQUALS native runtime.js:54"
snapshot-code-name,239109,"LazyCompile:STRICT_EQUALS native runtime.js:108"
snapshot-code-name,239759,"LazyCompile:COMPARE native runtime.js:128"
snapshot-code-name,241142,"LazyCompile:ADD native runtime.js:171"
snapshot-code-name,242182,"LazyCompile:STRING_ADD_LEFT native runtime.js:191"
snapshot-code-name,243077,"LazyCompile:STRING_ADD_RIGHT native runtime.js:206"
snapshot-code-name,244006,"LazyCompile:SUB native runtime.js:222"
snapshot-code-name,244620,"LazyCompile:MUL native runtime.js:230"
snapshot-code-name,245202,"LazyCompile:DIV native runtime.js:238"
snapshot-code-name,245784,"LazyCompile:MOD native runtime.js:246"
snapshot-code-name,246372,"LazyCompile:BIT_OR native runtime.js:260"
snapshot-code-name,246960,"LazyCompile:BIT_AND native runtime.js:268"
snapshot-code-name,247654,"LazyCompile:BIT_XOR native runtime.js:290"
snapshot-code-name,248246,"LazyCompile:UNARY_MINUS native runtime.js:298"
snapshot-code-name,248745,"LazyCompile:BIT_NOT native runtime.js:305"
snapshot-code-name,249240,"LazyCompile:SHL native runtime.js:312"
snapshot-code-name,249824,"LazyCompile:SAR native runtime.js:320"
snapshot-code-name,250515,"LazyCompile:SHR native runtime.js:342"
snapshot-code-name,251103,"LazyCompile:DELETE native runtime.js:356"
snapshot-code-name,251605,"LazyCompile:IN native runtime.js:362"
snapshot-code-name,252337,"LazyCompile:INSTANCE_OF native runtime.js:375"
snapshot-code-name,253544,"LazyCompile:FILTER_KEY native runtime.js:406"
snapshot-code-name,254060,"LazyCompile:CALL_NON_FUNCTION native runtime.js:413"
snapshot-code-name,254824,"LazyCompile:CALL_NON_FUNCTION_AS_CONSTRUCTOR native runtime.js:422"
snapshot-code-name,255576,"LazyCompile:CALL_FUNCTION_PROXY native runtime.js:431"
snapshot-code-name,256171,"LazyCompile:CALL_FUNCTION_PROXY_AS_CONSTRUCTOR native runtime.js:439"
snapshot-code-name,256721,"LazyCompile:APPLY_PREPARE native runtime.js:446"
snapshot-code-name,258316,"LazyCompile:APPLY_OVERFLOW native runtime.js:484"
snapshot-code-name,258843,"LazyCompile:TO_OBJECT native runtime.js:490"
snapshot-code-name,259248,"LazyCompile:TO_NUMBER native runtime.js:496"
snapshot-code-name,259653,"LazyCompile:TO_STRING native runtime.js:502"
snapshot-code-name,260038,"LazyCompile:ToPrimitive native runtime.js:514"
snapshot-code-name,261039,"LazyCompile:ToBoolean native runtime.js:526"
snapshot-code-name,261758,"LazyCompile:ToNumber native runtime.js:536"
snapshot-code-name,262673,"LazyCompile:ToString native runtime.js:561"
snapshot-code-name,263463,"LazyCompile:ToName native runtime.js:578"
snapshot-code-name,265122,"Script:native string.js"
snapshot-code-name,265750,"LazyCompile:StringConstructor native string.js:35"
snapshot-code-name,275389,"LazyCompile:SetUpString native string.js:962"
snapshot-code-name,278028,"Script:native apinatives.js"
snapshot-code-name,279207,"Script:native regexp.js"
snapshot-code-name,281986,"LazyCompile:RegExpConstructor native regexp.js:90"
snapshot-code-name,283925,"LazyCompile:RegExpMakeCaptureGetter native regexp.js:360"
snapshot-code-name,284533,"LazyCompile:SetUpRegExp native regexp.js:400"
snapshot-code-name,288570,"Script:native json.js"
snapshot-code-name,290696,"LazyCompile:SetUpJSON native json.js:219"
snapshot-code-name,291581,"Script:native uri.js"
snapshot-code-name,295911,"LazyCompile:SetUpUri native uri.js:442"
snapshot-code-name,296873,"Builtin:Illegal"
snapshot-code-name,297003,"Builtin:InternalArrayCodeGeneric"
snapshot-code-name,297130,"Builtin:ArrayCodeGeneric"
snapshot-code-name,297257,"Builtin:ArrayPush"
snapshot-code-name,297384,"Builtin:ArrayPop"
snapshot-code-name,297511,"Builtin:ArrayShift"
snapshot-code-name,297638,"Builtin:ArrayUnshift"
snapshot-code-name,297765,"Builtin:ArraySlice"
snapshot-code-name,297892,"Builtin:ArraySplice"
snapshot-code-name,298019,"Builtin:ArrayConcat"
snapshot-code-name,298146,"Builtin:HandleApiCall"
snapshot-code-name,298273,"Builtin:HandleApiCallConstruct"
snapshot-code-name,298400,"Builtin:HandleApiCallAsFunction"
snapshot-code-name,298527,"Builtin:HandleApiCallAsConstructor"
snapshot-code-name,298654,"Builtin:StrictModePoisonPill"
snapshot-code-name,298785,"Builtin:InRecompileQueue"
snapshot-code-name,298899,"Builtin:InstallRecompiledCode"
snapshot-code-name,299062,"Builtin:JSConstructStubCountdown"
snapshot-code-name,299688,"Builtin:JSConstructStubApi"
snapshot-code-name,300192,"Builtin:JSEntryTrampoline"
snapshot-code-name,300382,"Builtin:JSConstructEntryTrampoline"
snapshot-code-name,300575,"Builtin:LazyRecompile"
snapshot-code-name,300737,"Builtin:ParallelRecompile"
snapshot-code-name,300899,"Builtin:NotifyDeoptimized"
snapshot-code-name,301107,"Builtin:NotifySoftDeoptimized"
snapshot-code-name,301315,"Builtin:NotifyLazyDeoptimized"
snapshot-code-name,301523,"Builtin:NotifyStubFailure"
snapshot-code-name,301653,"Builtin:NotifyOSR"
snapshot-code-name,301787,"Builtin:KeyedLoadIC_Miss"
snapshot-code-name,301914,"Builtin:KeyedLoadIC_MissForceGeneric"
snapshot-code-name,302041,"Builtin:KeyedLoadIC_Slow"
snapshot-code-name,302168,"Builtin:StoreIC_Miss"
snapshot-code-name,302295,"Builtin:StoreIC_Slow"
snapshot-code-name,302422,"Builtin:KeyedStoreIC_Miss"
snapshot-code-name,302549,"Builtin:KeyedStoreIC_MissForceGeneric"
snapshot-code-name,302676,"Builtin:KeyedStoreIC_Slow"
snapshot-code-name,302806,"Builtin:LoadIC_PreMonomorphic"
snapshot-code-name,302934,"Builtin:LoadIC_Normal"
snapshot-code-name,303303,"Builtin:LoadIC_Megamorphic"
snapshot-code-name,303670,"Builtin:LoadIC_Getter_ForDeopt"
snapshot-code-name,303790,"Builtin:LoadIC_Slow"
snapshot-code-name,303920,"Builtin:KeyedLoadIC_PreMonomorphic"
snapshot-code-name,304048,"Builtin:KeyedLoadIC_Generic"
snapshot-code-name,305069,"Builtin:KeyedLoadIC_String"
snapshot-code-name,305741,"Builtin:KeyedLoadIC_IndexedInterceptor"
snapshot-code-name,305947,"Builtin:KeyedLoadIC_NonStrictArguments"
snapshot-code-name,306222,"Builtin:StoreIC_Normal"
snapshot-code-name,306661,"Builtin:StoreIC_Megamorphic"
snapshot-code-name,307069,"Builtin:StoreIC_Generic"
snapshot-code-name,307196,"Builtin:StoreIC_Generic_Strict"
snapshot-code-name,307323,"Builtin:StoreIC_GlobalProxy"
snapshot-code-name,307450,"Builtin:StoreIC_Initialize_Strict"
snapshot-code-name,307578,"Builtin:StoreIC_Normal_Strict"
snapshot-code-name,308017,"Builtin:StoreIC_Megamorphic_Strict"
snapshot-code-name,308425,"Builtin:StoreIC_GlobalProxy_Strict"
snapshot-code-name,308552,"Builtin:StoreIC_Setter_ForDeopt"
snapshot-code-name,308672,"Builtin:KeyedStoreIC_Initialize"
snapshot-code-name,308800,"Builtin:KeyedStoreIC_Generic"
snapshot-code-name,311294,"Builtin:KeyedStoreIC_Initialize_Strict"
snapshot-code-name,311422,"Builtin:KeyedStoreIC_Generic_Strict"
snapshot-code-name,313917,"Builtin:KeyedStoreIC_NonStrictArguments"
snapshot-code-name,314261,"Builtin:FunctionCall"
snapshot-code-name,314702,"Builtin:FunctionApply"
snapshot-code-name,315178,"Builtin:InternalArrayCode"
snapshot-code-name,315300,"Builtin:ArrayCode"
snapshot-code-name,315425,"Builtin:StringConstructCode"
snapshot-code-name,315888,"Builtin:OnStackReplacement"
snapshot-code-name,316459,"Builtin:MakeQuadragenarianCodeYoungAgainOddMarking"
snapshot-code-name,316612,"Builtin:MakeQuadragenarianCodeYoungAgainEvenMarking"
snapshot-code-name,316765,"Builtin:MakeQuinquagenarianCodeYoungAgainOddMarking"
snapshot-code-name,316918,"Builtin:MakeQuinquagenarianCodeYoungAgainEvenMarking"
snapshot-code-name,317071,"Builtin:MakeSexagenarianCodeYoungAgainOddMarking"
snapshot-code-name,317224,"Builtin:MakeSexagenarianCodeYoungAgainEvenMarking"
snapshot-code-name,317377,"Builtin:MakeSeptuagenarianCodeYoungAgainOddMarking"
snapshot-code-name,317530,"Builtin:MakeSeptuagenarianCodeYoungAgainEvenMarking"
snapshot-code-name,317683,"Builtin:MakeOctogenarianCodeYoungAgainOddMarking"
snapshot-code-name,317836,"Builtin:MakeOctogenarianCodeYoungAgainEvenMarking"
snapshot-code-name,317992,"Builtin:CallFunctionStub_DebugBreak"
snapshot-code-name,318161,"Builtin:CallFunctionStub_Recording_DebugBreak"
snapshot-code-name,318330,"Builtin:CallConstructStub_DebugBreak"
snapshot-code-name,318499,"Builtin:CallConstructStub_Recording_DebugBreak"
snapshot-code-name,318668,"Builtin:LoadIC_DebugBreak"
snapshot-code-name,318837,"Builtin:KeyedLoadIC_DebugBreak"
snapshot-code-name,319006,"Builtin:StoreIC_DebugBreak"
snapshot-code-name,319175,"Builtin:KeyedStoreIC_DebugBreak"
snapshot-code-name,319344,"Builtin:CompareNilIC_DebugBreak"
snapshot-code-name,319516,"Builtin:PlainReturn_LiveEdit"
snapshot-code-name,319630,"Builtin:FrameDropper_LiveEdit"
snapshot-code-name,325312,"Function:sum nwsnap.bin:1"
