code-creation,Stub,2,0x410a000,213,"JSEntryStub"
code-creation,Stub,2,0x410a0e0,213,"JSConstructEntryStub"
code-creation,Stub,2,0x410a1c0,622,"CEntryStub"
code-creation,Stub,2,0x410a440,97,"StoreBufferOverflowStub"
code-creation,Stub,2,0x410a4c0,79,"StubFailureTrampolineStub"
code-creation,Stub,2,0x410a520,80,"StubFailureTrampolineStub"
code-creation,Stub,2,0x410a580,1420,"RecordWriteStub"
code-creation,Stub,2,0x410ab20,1433,"RecordWriteStub"
code-creation,Stub,2,0x410b0c0,611,"RecordWriteStub"
code-creation,Stub,2,0x410b340,611,"RecordWriteStub"
code-creation,Stub,2,0x410b5c0,1433,"RecordWriteStub"
code-creation,Stub,2,0x410bb60,1433,"RecordWriteStub"
code-creation,Stub,2,0x410c100,1453,"RecordWriteStub"
code-creation,Stub,2,0x410c6c0,1461,"RecordWriteStub"
code-creation,Stub,2,0x410cc80,1433,"RecordWriteStub"
code-creation,Stub,2,0x410d220,1433,"RecordWriteStub"
code-creation,Stub,2,0x410d7c0,611,"RecordWriteStub"
code-creation,Stub,2,0x410da40,1437,"RecordWriteStub"
code-creation,Stub,2,0x410dfe0,1428,"RecordWriteStub"
code-creation,Stub,2,0x410e580,1448,"RecordWriteStub"
code-creation,Stub,2,0x410eb40,1453,"RecordWriteStub"
code-creation,Stub,2,0x410f100,1448,"RecordWriteStub"
code-creation,Stub,2,0x410f6c0,305,"ArrayNoArgumentConstructorStub"
code-creation,Stub,2,0x410f800,289,"ArrayNoArgumentConstructorStub"
code-creation,Stub,2,0x410f940,305,"ArrayNoArgumentConstructorStub"
code-creation,Stub,2,0x410fa80,289,"ArrayNoArgumentConstructorStub"
code-creation,Stub,2,0x410fbc0,349,"ArrayNoArgumentConstructorStub"
code-creation,Stub,2,0x410fd20,349,"ArrayNoArgumentConstructorStub"
code-creation,Stub,2,0x410fe80,289,"ArrayNoArgumentConstructorStub"
code-creation,Stub,2,0x410ffc0,289,"ArrayNoArgumentConstructorStub"
code-creation,Stub,2,0x4110100,586,"ArraySingleArgumentConstructorStub"
code-creation,Stub,2,0x4110360,570,"ArraySingleArgumentConstructorStub"
code-creation,Stub,2,0x41105a0,586,"ArraySingleArgumentConstructorStub"
code-creation,Stub,2,0x4110800,570,"ArraySingleArgumentConstructorStub"
code-creation,Stub,2,0x4110a40,610,"ArraySingleArgumentConstructorStub"
code-creation,Stub,2,0x4110cc0,610,"ArraySingleArgumentConstructorStub"
code-creation,Stub,2,0x4110f40,570,"ArraySingleArgumentConstructorStub"
code-creation,Stub,2,0x4111180,570,"ArraySingleArgumentConstructorStub"
code-creation,Stub,2,0x41113c0,484,"ArrayNArgumentsConstructorStub"
code-creation,Stub,2,0x41115c0,472,"ArrayNArgumentsConstructorStub"
code-creation,Stub,2,0x41117a0,484,"ArrayNArgumentsConstructorStub"
code-creation,Stub,2,0x41119a0,472,"ArrayNArgumentsConstructorStub"
code-creation,Stub,2,0x4111b80,540,"ArrayNArgumentsConstructorStub"
code-creation,Stub,2,0x4111da0,540,"ArrayNArgumentsConstructorStub"
code-creation,Stub,2,0x4111fc0,432,"ArrayNArgumentsConstructorStub"
code-creation,Stub,2,0x4112180,432,"ArrayNArgumentsConstructorStub"
code-creation,Builtin,3,0x4112340,77,"Illegal"
code-creation,Builtin,3,0x41123a0,77,"EmptyFunction"
code-creation,Builtin,3,0x4112400,77,"InternalArrayCodeGeneric"
code-creation,Builtin,3,0x4112460,77,"ArrayCodeGeneric"
code-creation,Builtin,3,0x41124c0,77,"ArrayPush"
code-creation,Builtin,3,0x4112520,77,"ArrayPop"
code-creation,Builtin,3,0x4112580,77,"ArrayShift"
code-creation,Builtin,3,0x41125e0,77,"ArrayUnshift"
code-creation,Builtin,3,0x4112640,77,"ArraySlice"
code-creation,Builtin,3,0x41126a0,77,"ArraySplice"
code-creation,Builtin,3,0x4112700,77,"ArrayConcat"
code-creation,Builtin,3,0x4112760,80,"HandleApiCall"
code-creation,Builtin,3,0x41127c0,80,"HandleApiCallConstruct"
code-creation,Builtin,3,0x4112820,77,"HandleApiCallAsFunction"
code-creation,Builtin,3,0x4112880,77,"HandleApiCallAsConstructor"
code-creation,Builtin,3,0x41128e0,77,"StrictModePoisonPill"
code-creation,Builtin,3,0x4112940,174,"ArgumentsAdaptorTrampoline"
code-creation,Builtin,3,0x4112a00,75,"InRecompileQueue"
code-creation,Builtin,3,0x4112a60,101,"InstallRecompiledCode"
code-creation,Builtin,3,0x4112ae0,491,"JSConstructStubCountdown"
code-creation,Builtin,3,0x4112ce0,432,"JSConstructStubGeneric"
code-creation,Builtin,3,0x4112ea0,406,"JSConstructStubApi"
code-creation,Builtin,3,0x4113040,157,"JSEntryTrampoline"
code-creation,Stub,2,0x41130e0,148,"CallConstructStub"
code-creation,Builtin,3,0x4113180,131,"JSConstructEntryTrampoline"
code-creation,Builtin,3,0x4113220,101,"LazyCompile"
code-creation,Builtin,3,0x41132a0,101,"LazyRecompile"
code-creation,Builtin,3,0x4113320,107,"ParallelRecompile"
code-creation,Builtin,3,0x41133a0,143,"NotifyDeoptimized"
code-creation,Builtin,3,0x4113440,143,"NotifySoftDeoptimized"
code-creation,Builtin,3,0x41134e0,143,"NotifyLazyDeoptimized"
code-creation,Builtin,3,0x4113580,94,"NotifyStubFailure"
code-creation,Builtin,3,0x41135e0,91,"NotifyOSR"
code-creation,Builtin,3,0x4113640,83,"LoadIC_Miss"
code-creation,Builtin,3,0x41136a0,83,"KeyedLoadIC_Miss"
code-creation,Builtin,3,0x4113700,83,"KeyedLoadIC_MissForceGeneric"
code-creation,Builtin,3,0x4113760,83,"KeyedLoadIC_Slow"
code-creation,Builtin,3,0x41137c0,84,"StoreIC_Miss"
code-creation,Builtin,3,0x4113820,84,"StoreIC_Slow"
code-creation,Builtin,3,0x4113880,84,"KeyedStoreIC_Miss"
code-creation,Builtin,3,0x41138e0,84,"KeyedStoreIC_MissForceGeneric"
code-creation,Builtin,3,0x4113940,84,"KeyedStoreIC_Slow"
code-creation,Builtin,4,0x41139a0,83,"LoadIC_Initialize"
code-creation,Builtin,4,0x4113a00,83,"LoadIC_PreMonomorphic"
code-creation,Stub,2,0x4113a60,740,"NameDictionaryLookupStub"
code-creation,Builtin,4,0x4113d60,313,"LoadIC_Normal"
code-creation,Builtin,4,0x4113ea0,266,"LoadIC_Megamorphic"
code-creation,Builtin,4,0x4113fc0,80,"LoadIC_Getter_ForDeopt"
code-creation,Builtin,4,0x4114020,83,"LoadIC_Slow"
code-creation,Builtin,5,0x4114080,83,"KeyedLoadIC_Initialize"
code-creation,Builtin,5,0x41140e0,83,"KeyedLoadIC_PreMonomorphic"
code-creation,Stub,2,0x4114140,740,"NameDictionaryLookupStub"
code-creation,Builtin,5,0x4114440,896,"KeyedLoadIC_Generic"
code-creation,Builtin,5,0x41147c0,499,"KeyedLoadIC_String"
code-creation,Builtin,5,0x41149c0,144,"KeyedLoadIC_IndexedInterceptor"
code-creation,Builtin,5,0x4114a60,216,"KeyedLoadIC_NonStrictArguments"
code-creation,Builtin,8,0x4114b40,84,"StoreIC_Initialize"
code-creation,Stub,2,0x4114ba0,740,"NameDictionaryLookupStub"
code-creation,Builtin,8,0x4114ea0,365,"StoreIC_Normal"
code-creation,Builtin,8,0x4115020,293,"StoreIC_Megamorphic"
code-creation,Builtin,8,0x4115160,88,"StoreIC_Generic"
code-creation,Builtin,8,0x41151c0,88,"StoreIC_Generic_Strict"
code-creation,Builtin,8,0x4115220,88,"StoreIC_GlobalProxy"
code-creation,Builtin,8,0x4115280,84,"StoreIC_Initialize_Strict"
code-creation,Builtin,8,0x41152e0,365,"StoreIC_Normal_Strict"
code-creation,Builtin,8,0x4115460,293,"StoreIC_Megamorphic_Strict"
code-creation,Builtin,8,0x41155a0,88,"StoreIC_GlobalProxy_Strict"
code-creation,Builtin,8,0x4115600,82,"StoreIC_Setter_ForDeopt"
code-creation,Builtin,9,0x4115660,84,"KeyedStoreIC_Initialize"
code-creation,Builtin,9,0x41156c0,2082,"KeyedStoreIC_Generic"
code-creation,Builtin,9,0x4115f00,84,"KeyedStoreIC_Initialize_Strict"
code-creation,Builtin,9,0x4115f60,2082,"KeyedStoreIC_Generic_Strict"
code-creation,Stub,2,0x41167a0,1425,"RecordWriteStub"
code-creation,Builtin,9,0x4116d40,286,"KeyedStoreIC_NonStrictArguments"
code-creation,Builtin,3,0x4116e60,355,"TransitionElementsSmiToDouble"
code-creation,Builtin,3,0x4116fe0,416,"TransitionElementsDoubleToObject"
code-creation,Builtin,3,0x4117180,376,"FunctionCall"
code-creation,Builtin,3,0x4117300,388,"FunctionApply"
code-creation,Stub,2,0x41174a0,233,"InternalArrayNoArgumentConstructorStub"
code-creation,Stub,2,0x41175a0,542,"InternalArraySingleArgumentConstructorStub"
code-creation,Stub,2,0x41177c0,400,"InternalArrayNArgumentsConstructorStub"
code-creation,Stub,2,0x4117960,233,"InternalArrayNoArgumentConstructorStub"
code-creation,Stub,2,0x4117a60,542,"InternalArraySingleArgumentConstructorStub"
code-creation,Stub,2,0x4117c80,400,"InternalArrayNArgumentsConstructorStub"
code-creation,Stub,2,0x4117e20,169,"InternalArrayConstructorStub"
code-creation,Builtin,3,0x4117ee0,78,"InternalArrayCode"
code-creation,Stub,2,0x4117f40,482,"ArrayConstructorStub"
code-creation,Builtin,3,0x4118140,83,"ArrayCode"
code-creation,Stub,2,0x41181a0,613,"RecordWriteStub"
code-creation,Builtin,3,0x4118420,608,"CommonArrayConstructCode"
code-creation,Builtin,3,0x4118680,357,"StringConstructCode"
code-creation,Builtin,3,0x4118800,359,"OnStackReplacement"
code-creation,Builtin,3,0x4118980,101,"MakeQuadragenarianCodeYoungAgainOddMarking"
code-creation,Builtin,3,0x4118a00,101,"MakeQuadragenarianCodeYoungAgainEvenMarking"
code-creation,Builtin,3,0x4118a80,101,"MakeQuinquagenarianCodeYoungAgainOddMarking"
code-creation,Builtin,3,0x4118b00,101,"MakeQuinquagenarianCodeYoungAgainEvenMarking"
code-creation,Builtin,3,0x4118b80,101,"MakeSexagenarianCodeYoungAgainOddMarking"
code-creation,Builtin,3,0x4118c00,101,"MakeSexagenarianCodeYoungAgainEvenMarking"
code-creation,Builtin,3,0x4118c80,101,"MakeSeptuagenarianCodeYoungAgainOddMarking"
code-creation,Builtin,3,0x4118d00,101,"MakeSeptuagenarianCodeYoungAgainEvenMarking"
code-creation,Builtin,3,0x4118d80,101,"MakeOctogenarianCodeYoungAgainOddMarking"
code-creation,Builtin,3,0x4118e00,101,"MakeOctogenarianCodeYoungAgainEvenMarking"
code-creation,Builtin,3,0x4118e80,107,"Return_DebugBreak"
code-creation,Builtin,3,0x4118f00,104,"CallFunctionStub_DebugBreak"
code-creation,Builtin,3,0x4118f80,106,"CallFunctionStub_Recording_DebugBreak"
code-creation,Builtin,3,0x4119000,110,"CallConstructStub_DebugBreak"
code-creation,Builtin,3,0x4119080,112,"CallConstructStub_Recording_DebugBreak"
code-creation,Builtin,4,0x4119100,106,"LoadIC_DebugBreak"
code-creation,Builtin,5,0x4119180,106,"KeyedLoadIC_DebugBreak"
code-creation,Builtin,8,0x4119200,108,"StoreIC_DebugBreak"
code-creation,Builtin,9,0x4119280,108,"KeyedStoreIC_DebugBreak"
code-creation,Builtin,13,0x4119300,104,"CompareNilIC_DebugBreak"
code-creation,Builtin,3,0x4119380,105,"Slot_DebugBreak"
code-creation,Builtin,3,0x4119400,65,"PlainReturn_LiveEdit"
code-creation,Builtin,3,0x4119460,93,"FrameDropper_LiveEdit"
code-creation,Stub,2,0x41194c0,76,"StackCheckStub"
code-creation,Stub,2,0x4119520,260,"CallConstructStub_Recording"
code-creation,Stub,2,0x4119640,76,"InterruptStub"
code-creation,Script,0,0x41196a0,612,"native runtime.js",0xd90c2a0,
code-creation,Stub,13,0x4119920,93,"CompareNilICStub_(None)(NullValue|"
code-creation,CallInitialize,6,0x4119980,178,"args_count: 1"
code-creation,CallInitialize,6,0x4119a40,178,"args_count: 2"
code-creation,LazyCompile,0,0x4119b00,1728,"EQUALS native runtime.js:54",0xd90af6c,
code-creation,LazyCompile,0,0x411a1c0,376,"STRICT_EQUALS native runtime.js:108",0xd90afcc,
code-creation,Stub,2,0x411a340,216,"StringCompareStub"
code-creation,Stub,12,0x411a420,104,"CompareICStub"
code-creation,LazyCompile,0,0x411a4a0,924,"COMPARE native runtime.js:128",0xd90b02c,
code-creation,Stub,2,0x411a840,1471,"StringAddStub"
code-creation,LazyCompile,0,0x411ae00,596,"ADD native runtime.js:171",0xd90b08c,
code-creation,LazyCompile,0,0x411b060,296,"SUB native runtime.js:222",0xd90b1ac,
code-creation,LazyCompile,0,0x411b1a0,296,"MUL native runtime.js:230",0xd90b20c,
code-creation,LazyCompile,0,0x411b2e0,296,"DIV native runtime.js:238",0xd90b26c,
code-creation,LazyCompile,0,0x411b420,296,"MOD native runtime.js:246",0xd90b2cc,
code-creation,LazyCompile,0,0x411b560,296,"BIT_OR native runtime.js:260",0xd90b32c,
code-creation,LazyCompile,0,0x411b6a0,384,"BIT_AND native runtime.js:268",0xd90b38c,
code-creation,LazyCompile,0,0x411b820,296,"BIT_XOR native runtime.js:290",0xd90b3ec,
code-creation,LazyCompile,0,0x411b960,244,"UNARY_MINUS native runtime.js:298",0xd90b44c,
code-creation,LazyCompile,0,0x411ba60,244,"BIT_NOT native runtime.js:305",0xd90b4ac,
code-creation,LazyCompile,0,0x411bb60,296,"SHL native runtime.js:312",0xd90b50c,
code-creation,LazyCompile,0,0x411bca0,384,"SAR native runtime.js:320",0xd90b56c,
code-creation,LazyCompile,0,0x411be20,296,"SHR native runtime.js:342",0xd90b5cc,
code-creation,LazyCompile,0,0x411bf60,228,"DELETE native runtime.js:356",0xd90b62c,
code-creation,Stub,2,0x411c060,245,"StoreArrayLiteralElementStub"
code-creation,LazyCompile,0,0x411c160,368,"IN native runtime.js:362",0xd90b68c,
code-creation,Stub,12,0x411c2e0,104,"CompareICStub"
code-creation,Stub,14,0x411c360,93,"ToBooleanStub_(None)"
code-creation,LazyCompile,0,0x411c3c0,644,"INSTANCE_OF native runtime.js:375",0xd90b6ec,
code-creation,LazyCompile,0,0x411c660,236,"FILTER_KEY native runtime.js:406",0xd90b74c,
code-creation,Stub,2,0x411c760,351,"ArgumentsAccessStub_NewNonStrictFast"
code-creation,LazyCompile,0,0x411c8c0,380,"CALL_NON_FUNCTION native runtime.js:413",0xd90b7ac,
code-creation,LazyCompile,0,0x411ca40,380,"CALL_NON_FUNCTION_AS_CONSTRUCTOR native runtime.js:422",0xd90b80c,
code-creation,Stub,11,0x411cbc0,88,"BinaryOpStub_SUB_Alloc_Uninitialized+Uninitialized"
code-creation,Stub,2,0x411cc20,130,"ArgumentsAccessStub_ReadElement"
code-creation,LazyCompile,0,0x411ccc0,288,"CALL_FUNCTION_PROXY native runtime.js:431",0xd90b86c,
code-creation,LazyCompile,0,0x411cde0,260,"CALL_FUNCTION_PROXY_AS_CONSTRUCTOR native runtime.js:439",0xd90b8cc,
code-creation,LazyCompile,0,0x411cf00,188,"TO_OBJECT native runtime.js:490",0xd90b9ec,
code-creation,LazyCompile,0,0x411cfc0,188,"TO_NUMBER native runtime.js:496",0xd90ba4c,
code-creation,LazyCompile,0,0x411d080,188,"TO_STRING native runtime.js:502",0xd90baac,
code-creation,Stub,2,0x411d140,195,"NumberToStringStub"
code-creation,LazyCompile,0,0x411d220,572,"STRING_ADD_LEFT native runtime.js:191",0xd90b0ec,
code-creation,LazyCompile,0,0x411d460,580,"STRING_ADD_RIGHT native runtime.js:206",0xd90b14c,
code-creation,Stub,12,0x411d6c0,104,"CompareICStub"
code-creation,Stub,12,0x411d740,104,"CompareICStub"
code-creation,Stub,12,0x411d7c0,104,"CompareICStub"
code-creation,LazyCompile,0,0x411d840,912,"APPLY_PREPARE native runtime.js:446",0xd90b92c,
code-creation,LazyCompile,0,0x411dbe0,232,"APPLY_OVERFLOW native runtime.js:484",0xd90b98c,
code-creation,CallInitialize,6,0x411dce0,180,"args_count: 0"
code-creation,CallInitialize,6,0x411dda0,180,"args_count: 12"
code-creation,CallInitialize,6,0x411de60,189,"args_count: 38"
code-creation,CallInitialize,6,0x411df20,180,"args_count: 3"
code-creation,Script,0,0x411dfe0,1084,"native v8natives.js",0xd90fd08,
code-creation,CallPreMonomorphic,6,0x411e420,180,"args_count: 0"
code-creation,CallInitialize,6,0x411e4e0,180,"args_count: 10"
code-creation,LazyCompile,0,0x411e5a0,452,"SetUpGlobal native v8natives.js:197",0xd90d7b4,
code-creation,CallPreMonomorphic,6,0x411e780,180,"args_count: 10"
code-creation,CallPreMonomorphic,6,0x411e840,180,"args_count: 3"
code-creation,Stub,11,0x411e900,88,"BinaryOpStub_SAR_Alloc_Uninitialized+Uninitialized"
code-creation,Stub,11,0x411e960,88,"BinaryOpStub_ADD_Alloc_Uninitialized+Uninitialized"
code-creation,LazyCompile,0,0x411e9c0,561,"InstallFunctions native v8natives.js:46",0xd90d454,
code-creation,Stub,12,0x411ec00,122,"CompareICStub"
code-creation,Stub,11,0x411ec80,155,"BinaryOpStub_SAR_Alloc_Smi+Smi"
code-creation,Stub,12,0x411ed20,122,"CompareICStub"
code-creation,Stub,2,0x411eda0,140,"KeyedLoadElementStub"
code-creation,KeyedLoadIC,5,0x411ee40,91,""
code-creation,Stub,11,0x411eea0,146,"BinaryOpStub_ADD_Alloc_Smi+Smi"
code-creation,Stub,2,0x411ef40,76,"LoadFieldStub"
code-creation,LoadIC,4,0x411efa0,93,"length"
code-creation,CallPreMonomorphic,6,0x411f000,180,"args_count: 12"
code-creation,CallPreMonomorphic,6,0x411f0c0,189,"args_count: 38"
code-creation,Stub,11,0x411f180,88,"BinaryOpStub_ADD_OverwriteLeft_Uninitialized+Uninitialized"
code-creation,Stub,2,0x411f1e0,98,"ToNumberStub"
code-creation,LazyCompile,0,0x411f260,814,"SetUpLockedPrototype native v8natives.js:87",0xd90d574,
code-creation,Stub,14,0x411f5a0,148,"ToBooleanStub_(SpecObject)"
code-creation,Stub,11,0x411f640,146,"BinaryOpStub_ADD_OverwriteLeft_Smi+Smi"
code-creation,CallInitialize,6,0x411f6e0,180,"args_count: 20"
code-creation,CallInitialize,6,0x411f7a0,180,"args_count: 4"
code-creation,CallInitialize,6,0x411f860,180,"args_count: 28"
code-creation,LazyCompile,0,0x411f920,1044,"SetUpObject native v8natives.js:1385",0xd90eb34,
code-creation,CallInitialize,6,0x411fd40,180,"args_count: 1"
code-creation,LazyCompile,0,0x411fe00,308,"ObjectConstructor native v8natives.js:1371",0xd90ead4,
code-creation,LazyCompile,0,0x411fe00,308,"ObjectConstructor native v8natives.js:1371",0xd90ead4,
code-creation,CallPreMonomorphic,6,0x411ff40,180,"args_count: 20"
code-creation,CallPreMonomorphic,6,0x4120000,180,"args_count: 4"
code-creation,LazyCompile,0,0x41200c0,304,"InstallGetterSetter native v8natives.js:72",0xd90d514,
code-creation,CallPreMonomorphic,6,0x4120200,180,"args_count: 28"
code-creation,LazyCompile,0,0x41202c0,448,"SetUpBoolean native v8natives.js:1472",0xd90ecb4,
code-creation,LazyCompile,0,0x4120480,292,"BooleanConstructor native v8natives.js:1437",0xd90eb94,
code-creation,LazyCompile,0,0x4120480,292,"BooleanConstructor native v8natives.js:1437",0xd90eb94,
code-creation,CallPreMonomorphic,6,0x41205c0,180,"args_count: 1"
code-creation,LazyCompile,0,0x4120680,404,"ToBoolean native runtime.js:526",0xd90bb6c,
code-creation,LazyCompile,0,0x4120820,924,"SetUpNumber native v8natives.js:1635",0xd90f074,
code-creation,LazyCompile,0,0x4120bc0,336,"NumberConstructor native v8natives.js:1491",0xd90ed14,
code-creation,LazyCompile,0,0x4120bc0,336,"NumberConstructor native v8natives.js:1491",0xd90ed14,
code-creation,Stub,12,0x4120d20,116,"CompareICStub"
code-creation,LazyCompile,0,0x4120da0,504,"ToNumber native runtime.js:536",0xd90bbcc,
code-creation,LazyCompile,0,0x4120fa0,380,"SetUpFunction native v8natives.js:1826",0xd90f2b4,
code-creation,Stub,2,0x4121120,160,"FastNewContextStub"
code-creation,Stub,2,0x41211c0,1420,"RecordWriteStub"
code-creation,CallInitialize,6,0x4121760,180,"args_count: 2"
code-creation,LazyCompile,0,0x4121820,440,"FunctionConstructor native v8natives.js:1813",0xd90f254,
code-creation,LazyCompile,0,0x4121820,440,"FunctionConstructor native v8natives.js:1813",0xd90f254,
code-creation,Script,0,0x41219e0,268,"native array.js",0xd9122ac,
code-creation,Stub,2,0x4121b00,304,"FastNewClosureStub"
code-creation,Stub,2,0x4121c40,320,"CallFunctionStub_Args2_Recording"
code-creation,Stub,2,0x4121d80,320,"CallFunctionStub_Args3_Recording"
code-creation,CallInitialize,6,0x4121ec0,189,"args_count: 42"
code-creation,CallInitialize,6,0x4121f80,180,"args_count: 6"
code-creation,LazyCompile,0,0x4122040,2272,"SetUpArray native array.js:1591",0xd9120b0,
code-creation,CallPreMonomorphic,6,0x4122920,180,"args_count: 2"
code-creation,LazyCompile,0,0x41229e0,292,"SetUpArray.b native array.js:1605",0xd912ad4,
code-creation,CallPreMonomorphic,6,0x4122b20,178,"args_count: 1"
code-creation,LazyCompile,0,0x4122be0,404,"hasOwnProperty native v8natives.js:251",0xd90d934,
code-creation,Stub,14,0x4122d80,136,"ToBooleanStub_(Bool)"
code-creation,LazyCompile,0,0x4122e20,220,"ToName native runtime.js:578",0xd90bd4c,
code-creation,LazyCompile,0,0x4122f00,416,"ToString native runtime.js:561",0xd90bc8c,
code-creation,CallMiss,6,0x41230a0,178,"args_count: 1"
code-creation,CallIC,6,0x4123160,131,"hasOwnProperty"
code-creation,CallMiss,6,0x4123200,180,"args_count: 1"
code-creation,CallIC,6,0x41232c0,131,"ToName"
code-creation,CallIC,6,0x4123360,130,"ToString"
code-creation,Stub,2,0x4123400,70,"push"
code-creation,KeyedLoadIC,5,0x4123460,105,"push"
code-creation,Stub,2,0x41234e0,70,"concat"
code-creation,CallPreMonomorphic,6,0x4123540,189,"args_count: 42"
code-creation,Stub,4,0x4123600,145,"FunctionPrototypeStub"
code-creation,LoadIC,4,0x41236a0,93,"length"
code-creation,LoadPolymorphicIC,4,0x4123700,105,"length"
code-creation,CallPreMonomorphic,6,0x4123780,180,"args_count: 6"
code-creation,Stub,2,0x4123840,257,"FastCloneShallowArrayStub"
code-creation,Script,0,0x4123960,516,"native string.js",0xd914724,
code-creation,CallInitialize,6,0x4123b80,189,"args_count: 70"
code-creation,LazyCompile,0,0x4123c40,1132,"SetUpString native string.js:992",0xd9143ac,
code-creation,LazyCompile,0,0x41240c0,380,"StringConstructor native string.js:35",0xd91332c,
code-creation,LazyCompile,0,0x41240c0,380,"StringConstructor native string.js:35",0xd91332c,
code-creation,CallPreMonomorphic,6,0x4124240,189,"args_count: 70"
code-creation,Script,0,0x4124300,264,"native uri.js",0xd91585c,
code-creation,LazyCompile,0,0x4124420,336,"SetUpUri native uri.js:442",0xd915720,
code-creation,Script,0,0x4124580,340,"native math.js",0xd9164f8,
code-creation,LazyCompile,0,0x41246e0,164,"MathConstructor native math.js:40",0xd915c14,
code-creation,LazyCompile,0,0x41247a0,1112,"SetUpMath native math.js:226",0xd916394,
code-creation,CallInitialize,6,0x4124c00,180,"args_count: 7"
code-creation,CallInitialize,6,0x4124cc0,180,"args_count: 14"
code-creation,CallInitialize,6,0x4124d80,180,"args_count: 5"
code-creation,CallInitialize,6,0x4124e40,189,"args_count: 32"
code-creation,Script,0,0x4124f00,1880,"native messages.js",0xd91971c,
code-creation,LazyCompile,0,0x4125660,216," native messages.js:285",0xd919678,
code-creation,LazyCompile,0,0x4125660,216," native messages.js:285",0xd919678,
code-creation,CallPreMonomorphic,6,0x4125740,180,"args_count: 7"
code-creation,CallPreMonomorphic,6,0x4125800,180,"args_count: 14"
code-creation,CallPreMonomorphic,6,0x41258c0,180,"args_count: 5"
code-creation,CallPreMonomorphic,6,0x4125980,189,"args_count: 32"
code-creation,Stub,2,0x4125a40,320,"CallFunctionStub_Args1_Recording"
code-creation,LazyCompile,0,0x4125b80,460,"SetUpError native messages.js:1164",0xd919278,
code-creation,LazyCompile,0,0x4125d60,692,"SetUpError.a native messages.js:1167",0xd91a29c,
code-creation,Stub,2,0x4126020,1447,"StringAddStub"
code-creation,Stub,11,0x41265e0,124,"BinaryOpStub_ADD_Alloc_String+String"
code-creation,Stub,12,0x4126660,141,"CompareICStub"
code-creation,LazyCompile,0,0x4126700,164,"d native messages.js:1183",0xd91a608,
code-creation,LazyCompile,0,0x41267c0,360," native messages.js:1193",0xd91a668,
code-creation,LazyCompile,0,0x41267c0,360," native messages.js:1193",0xd91a668,
code-creation,LoadIC,4,0x4126940,105,"global"
code-creation,LoadIC,4,0x41269c0,105,"builtins"
code-creation,Stub,2,0x4126a40,163,"FastNewContextStub"
code-creation,LazyCompile,0,0x4126b00,1012,"captureStackTrace native messages.js:1114",0xd919218,
code-creation,Stub,14,0x4126f00,128,"ToBooleanStub_(Undefined)"
code-creation,LazyCompile,0,0x41267c0,360," native messages.js:1193",0xd91a668,
code-creation,LoadIC,4,0x4126f80,105,"$Error"
code-creation,CallMiss,6,0x4127000,180,"args_count: 2"
code-creation,CallIC,6,0x41270c0,131,"captureStackTrace"
code-creation,Stub,2,0x4127160,116,""
code-creation,LoadIC,4,0x41271e0,93,"stackTraceLimit"
code-creation,LazyCompile,0,0x41267c0,360," native messages.js:1193",0xd91a668,
code-creation,LazyCompile,0,0x41267c0,360," native messages.js:1193",0xd91a668,
code-creation,LazyCompile,0,0x41267c0,360," native messages.js:1193",0xd91a668,
code-creation,LazyCompile,0,0x41267c0,360," native messages.js:1193",0xd91a668,
code-creation,LazyCompile,0,0x41267c0,360," native messages.js:1193",0xd91a668,
code-creation,Stub,13,0x4127240,124,"CompareNilICStub_(Undefined)(NullValue|"
code-creation,LazyCompile,0,0x41272c0,424,"SetUpStackOverflowBoilerplate native messages.js:1292",0xd9193f8,
code-creation,LazyCompile,0,0x4127480,200,"MakeRangeError native messages.js:326",0xd9182b8,
code-creation,LazyCompile,0,0x4127560,280,"MakeGenericError native messages.js:273",0xd9180d8,
code-creation,LazyCompile,0,0x4127680,264,"FormatMessage native messages.js:292",0xd918138,
code-creation,Stub,11,0x41277a0,88,"BinaryOpStub_SHR_OverwriteLeft_Uninitialized+Uninitialized"
code-creation,LazyCompile,0,0x4127800,1429,"FormatString native messages.js:178",0xd917ef8,
code-creation,Stub,2,0x4127da0,116,""
code-creation,LoadPolymorphicIC,4,0x4127e20,105,"stackTraceLimit"
code-creation,Stub,11,0x4127ea0,124,"BinaryOpStub_ADD_OverwriteLeft_String+String"
code-creation,Script,0,0x4127f20,280,"native apinatives.js",0xd91ad70,
code-creation,Script,0,0x4128040,616,"native date.js",0xd91cb78,
code-creation,CallInitialize,6,0x41282c0,189,"args_count: 92"
code-creation,LazyCompile,0,0x4128380,1396,"SetUpDate native date.js:761",0xd91c87c,
code-creation,CallInitialize,6,0x4128900,178,"args_count: 0"
code-creation,Stub,12,0x41289c0,104,"CompareICStub"
code-creation,LazyCompile,0,0x4128a40,1392,"DateConstructor native date.js:141",0xd91b25c,
code-creation,LazyCompile,0,0x4128a40,1392,"DateConstructor native date.js:141",0xd91b25c,
code-creation,CallPreMonomorphic,6,0x4128fc0,189,"args_count: 92"
code-creation,Script,0,0x4129080,264,"native json.js",0xd91da38,
code-creation,LazyCompile,0,0x41291a0,260,"SetUpJSON native json.js:219",0xd91d8fc,
code-creation,Script,0,0x41292c0,404,"native regexp.js",0xd91e420,
code-creation,CallInitialize,6,0x4129460,180,"args_count: 8"
code-creation,LazyCompile,0,0x4129520,1561,"SetUpRegExp native regexp.js:400",0xd91e2d4,
code-creation,LazyCompile,0,0x4129b40,324,"RegExpConstructor native regexp.js:90",0xd91dd94,
code-creation,LazyCompile,0,0x4129b40,324,"RegExpConstructor native regexp.js:90",0xd91dd94,
code-creation,CallPreMonomorphic,6,0x4129ca0,180,"args_count: 8"
code-creation,Stub,2,0x4129d60,1664,"StringAddStub"
code-creation,Stub,2,0x412a3e0,1661,"StringAddStub"
code-creation,Stub,11,0x412aa60,133,"BinaryOpStub_ADD_Alloc_String+Smi"
code-creation,CallPreMonomorphic,6,0x412ab00,178,"args_count: 2"
code-creation,LazyCompile,0,0x412abc0,600,"ToPrimitive native runtime.js:514",0xd90bb0c,
code-creation,LazyCompile,0,0x412ae20,224,"RegExpMakeCaptureGetter native regexp.js:360",0xd91e274,
code-creation,LoadIC,4,0x412af00,105,"$RegExp"
code-creation,Stub,12,0x412af80,491,"CompareICStub"
code-creation,CallIC,6,0x412b180,131,"RegExpMakeCaptureGetter"
code-creation,Function,0,0x412b220,164," index.bin:3",0xd91ecf8,
code-creation,Function,0,0x412b2e0,204,"lazy index.bin:1",0xd91ed84,
code-creation,Script,0,0x412b3c0,152,"index.bin",0xd91ee1c,
snapshot-code-name,4536,"Stub:ArrayNoArgumentConstructorStub"
snapshot-code-name,4973,"Stub:CEntryStub"
snapshot-code-name,5858,"Stub:CompareICStub"
snapshot-code-name,6028,"Stub:RecordWriteStub"
snapshot-code-name,7567,"Stub:StoreBufferOverflowStub"
snapshot-code-name,7842,"Stub:RecordWriteStub"
snapshot-code-name,8555,"Stub:InterruptStub"
snapshot-code-name,8690,"Stub:CompareICStub"
snapshot-code-name,8863,"Stub:FastNewContextStub"
snapshot-code-name,9084,"Stub:ToBooleanStub_(Bool)"
snapshot-code-name,9337,"Stub:JSEntryStub"
snapshot-code-name,9683,"Stub:ArrayConstructorStub"
snapshot-code-name,10247,"Stub:ArrayNoArgumentConstructorStub"
snapshot-code-name,10720,"Stub:ArrayNoArgumentConstructorStub"
snapshot-code-name,11171,"Stub:ArrayNoArgumentConstructorStub"
snapshot-code-name,11642,"Stub:ArrayNoArgumentConstructorStub"
snapshot-code-name,12117,"Stub:ArrayNoArgumentConstructorStub"
snapshot-code-name,12577,"Stub:ArraySingleArgumentConstructorStub"
snapshot-code-name,13450,"Stub:ArraySingleArgumentConstructorStub"
snapshot-code-name,14323,"Stub:ArraySingleArgumentConstructorStub"
snapshot-code-name,15230,"Stub:ArraySingleArgumentConstructorStub"
snapshot-code-name,16137,"Stub:ArraySingleArgumentConstructorStub"
snapshot-code-name,16975,"Stub:ArraySingleArgumentConstructorStub"
snapshot-code-name,17822,"Stub:ArrayNArgumentsConstructorStub"
snapshot-code-name,18525,"Stub:ArrayNArgumentsConstructorStub"
snapshot-code-name,19228,"Stub:ArrayNArgumentsConstructorStub"
snapshot-code-name,19965,"Stub:ArrayNArgumentsConstructorStub"
snapshot-code-name,20702,"Stub:ArrayNArgumentsConstructorStub"
snapshot-code-name,21303,"Stub:ArrayNArgumentsConstructorStub"
snapshot-code-name,21922,"Stub:ArrayNoArgumentConstructorStub"
snapshot-code-name,22431,"Stub:FunctionPrototypeStub"
snapshot-code-name,22614,"Builtin:LoadIC_Miss"
snapshot-code-name,22759,"Stub:CompareNilICStub_(None)(NullValue|"
snapshot-code-name,22897,"Stub:NumberToStringStub"
snapshot-code-name,23173,"Stub:CompareICStub"
snapshot-code-name,23376,"Stub:RecordWriteStub"
snapshot-code-name,24094,"Stub:ToBooleanStub_(None)"
snapshot-code-name,24232,"Stub:CompareICStub"
snapshot-code-name,24402,"Stub:StubFailureTrampolineStub"
snapshot-code-name,24535,"Stub:StubFailureTrampolineStub"
snapshot-code-name,24665,"Stub:JSConstructEntryStub"
snapshot-code-name,25011,"Stub:StringAddStub"
snapshot-code-name,26643,"Stub:RecordWriteStub"
snapshot-code-name,28330,"Stub:RecordWriteStub"
snapshot-code-name,30070,"Stub:BinaryOpStub_ADD_OverwriteLeft_Smi+Smi"
snapshot-code-name,30273,"Stub:InternalArrayNArgumentsConstructorStub"
snapshot-code-name,30781,"Stub:InternalArrayConstructorStub"
snapshot-code-name,31000,"Stub:InternalArrayNoArgumentConstructorStub"
snapshot-code-name,31320,"Stub:InternalArraySingleArgumentConstructorStub"
snapshot-code-name,32088,"Stub:InternalArrayNoArgumentConstructorStub"
snapshot-code-name,32412,"Stub:InternalArraySingleArgumentConstructorStub"
snapshot-code-name,33176,"Stub:InternalArrayNArgumentsConstructorStub"
snapshot-code-name,33687,"Stub:RecordWriteStub"
snapshot-code-name,35385,"Stub:RecordWriteStub"
snapshot-code-name,36123,"Stub:CompareICStub"
snapshot-code-name,36295,"Stub:BinaryOpStub_ADD_OverwriteLeft_String+String"
snapshot-code-name,36445,"Stub:StringAddStub"
snapshot-code-name,38188,"Stub:FastCloneShallowArrayStub"
snapshot-code-name,38643,"Stub:BinaryOpStub_SUB_Alloc_Uninitialized+Uninitialized"
snapshot-code-name,38780,"Stub:LoadFieldStub"
snapshot-code-name,38906,"Stub:StackCheckStub"
snapshot-code-name,39045,"Stub:RecordWriteStub"
snapshot-code-name,40722,"Stub:ArraySingleArgumentConstructorStub"
snapshot-code-name,41567,"Stub:CallFunctionStub_Args3_Recording"
snapshot-code-name,41924,"Builtin:ArgumentsAdaptorTrampoline"
snapshot-code-name,42158,"Stub:ArrayNoArgumentConstructorStub"
snapshot-code-name,42613,"Stub:CompareICStub"
snapshot-code-name,42782,"Stub:CompareNilICStub_(Undefined)(NullValue|"
snapshot-code-name,43002,"Stub:RecordWriteStub"
snapshot-code-name,44667,"Stub:CompareICStub"
snapshot-code-name,44852,"Stub:ToNumberStub"
snapshot-code-name,45052,"Stub:ArrayNArgumentsConstructorStub"
snapshot-code-name,45723,"Stub:RecordWriteStub"
snapshot-code-name,47387,"Stub:BinaryOpStub_ADD_Alloc_String+Smi"
snapshot-code-name,47572,"Stub:StringAddStub"
snapshot-code-name,49473,"Stub:StringAddStub"
snapshot-code-name,51395,"Stub:NameDictionaryLookupStub"
snapshot-code-name,52242,"Stub:ToBooleanStub_(Undefined)"
snapshot-code-name,52464,"Stub:CompareICStub"
snapshot-code-name,52634,"Stub:CallFunctionStub_Args2_Recording"
snapshot-code-name,53016,"Stub:ArrayNArgumentsConstructorStub"
snapshot-code-name,53687,"Stub:RecordWriteStub"
snapshot-code-name,55348,"Stub:BinaryOpStub_ADD_Alloc_Smi+Smi"
snapshot-code-name,55566,"Stub:CallConstructStub_Recording"
snapshot-code-name,55904,"Stub:FastNewContextStub"
snapshot-code-name,56157,"Stub:RecordWriteStub"
snapshot-code-name,57864,"Stub:BinaryOpStub_ADD_OverwriteLeft_Uninitialized+Uninitialized"
snapshot-code-name,57999,"Stub:RecordWriteStub"
snapshot-code-name,59664,"Stub:CallFunctionStub_Args1_Recording"
snapshot-code-name,60042,"Stub:CompareICStub"
snapshot-code-name,60227,"Stub:FastNewClosureStub"
snapshot-code-name,60621,"Stub:NameDictionaryLookupStub"
snapshot-code-name,61466,"Stub:ArraySingleArgumentConstructorStub"
snapshot-code-name,62326,"Stub:RecordWriteStub"
snapshot-code-name,63999,"Stub:BinaryOpStub_SHR_OverwriteLeft_Uninitialized+Uninitialized"
snapshot-code-name,64148,"Stub:StringCompareStub"
snapshot-code-name,64420,"Stub:NameDictionaryLookupStub"
snapshot-code-name,65267,"Stub:BinaryOpStub_SAR_Alloc_Uninitialized+Uninitialized"
snapshot-code-name,65402,"Stub:RecordWriteStub"
snapshot-code-name,67066,"Stub:BinaryOpStub_SAR_Alloc_Smi+Smi"
snapshot-code-name,67272,"Stub:ToBooleanStub_(SpecObject)"
snapshot-code-name,67546,"Stub:KeyedLoadElementStub"
snapshot-code-name,67826,"Stub:RecordWriteStub"
snapshot-code-name,69490,"Stub:BinaryOpStub_ADD_Alloc_Uninitialized+Uninitialized"
snapshot-code-name,69644,"Stub:RecordWriteStub"
snapshot-code-name,71354,"Stub:ArgumentsAccessStub_NewNonStrictFast"
snapshot-code-name,71770,"Stub:ArgumentsAccessStub_ReadElement"
snapshot-code-name,71997,"Stub:CompareICStub"
snapshot-code-name,72167,"Stub:BinaryOpStub_ADD_Alloc_String+String"
snapshot-code-name,72342,"Stub:RecordWriteStub"
snapshot-code-name,74047,"Stub:CallConstructStub"
snapshot-code-name,74246,"Stub:StoreArrayLiteralElementStub"
snapshot-code-name,74559,"Stub:RecordWriteStub"
snapshot-code-name,75270,"Stub:CompareICStub"
snapshot-code-name,75865,"CallInitialize:12"
snapshot-code-name,76108,"CallInitialize:28"
snapshot-code-name,76351,"CallPreMonomorphic:7"
snapshot-code-name,76594,"CallInitialize:92"
snapshot-code-name,76840,"CallPreMonomorphic:4"
snapshot-code-name,77087,"CallPreMonomorphic:3"
snapshot-code-name,77333,"CallPreMonomorphic:32"
snapshot-code-name,77579,"CallInitialize:42"
snapshot-code-name,77826,"CallPreMonomorphic:2"
snapshot-code-name,78072,"CallInitialize:5"
snapshot-code-name,78315,"CallInitialize:4"
snapshot-code-name,78561,"CallPreMonomorphic:10"
snapshot-code-name,78804,"CallPreMonomorphic:8"
snapshot-code-name,79050,"CallInitialize:10"
snapshot-code-name,79297,"CallPreMonomorphic:12"
snapshot-code-name,79543,"CallPreMonomorphic:20"
snapshot-code-name,79786,"CallInitialize:3"
snapshot-code-name,80032,"CallInitialize:8"
snapshot-code-name,80278,"CallInitialize:7"
snapshot-code-name,80524,"CallInitialize:1"
snapshot-code-name,80770,"CallPreMonomorphic:5"
snapshot-code-name,81016,"CallMiss:2"
snapshot-code-name,81262,"CallInitialize:38"
snapshot-code-name,81508,"CallInitialize:20"
snapshot-code-name,81751,"CallPreMonomorphic:1"
snapshot-code-name,81997,"CallPreMonomorphic:42"
snapshot-code-name,82243,"CallPreMonomorphic:38"
snapshot-code-name,82486,"CallInitialize:14"
snapshot-code-name,82729,"CallInitialize:0"
snapshot-code-name,82972,"CallPreMonomorphic:2"
snapshot-code-name,83218,"CallInitialize:70"
snapshot-code-name,83465,"CallMiss:1"
snapshot-code-name,83708,"CallInitialize:2"
snapshot-code-name,83955,"CallInitialize:1"
snapshot-code-name,84198,"CallPreMonomorphic:70"
snapshot-code-name,84441,"CallInitialize:32"
snapshot-code-name,84687,"CallPreMonomorphic:1"
snapshot-code-name,84934,"CallPreMonomorphic:92"
snapshot-code-name,85180,"CallInitialize:2"
snapshot-code-name,85426,"CallInitialize:6"
snapshot-code-name,85669,"CallInitialize:0"
snapshot-code-name,85912,"CallMiss:1"
snapshot-code-name,86155,"CallPreMonomorphic:6"
snapshot-code-name,86398,"CallPreMonomorphic:14"
snapshot-code-name,86645,"CallPreMonomorphic:0"
snapshot-code-name,86889,"CallPreMonomorphic:28"
snapshot-code-name,107672,"Builtin:Return_DebugBreak"
snapshot-code-name,107841,"Builtin:Slot_DebugBreak"
snapshot-code-name,108066,"Builtin:EmptyFunction"
snapshot-code-name,108200,"Builtin:JSConstructStubGeneric"
snapshot-code-name,108888,"Script:native array.js"
snapshot-code-name,109357,"Builtin:LazyCompile"
snapshot-code-name,120772,"LazyCompile:SetUpArray native array.js:1591"
snapshot-code-name,124148,"Builtin:LoadIC_Initialize"
snapshot-code-name,124398,"LazyCompile:SetUpArray.b native array.js:1605"
snapshot-code-name,124853,"Builtin:KeyedLoadIC_Initialize"
snapshot-code-name,126554,"Script:native uri.js"
snapshot-code-name,130964,"LazyCompile:SetUpUri native uri.js:442"
snapshot-code-name,131881,"Script:native v8natives.js"
snapshot-code-name,133342,"LazyCompile:InstallFunctions native v8natives.js:46"
snapshot-code-name,141996,"LazyCompile:InstallGetterSetter native v8natives.js:72"
snapshot-code-name,142638,"LazyCompile:SetUpLockedPrototype native v8natives.js:87"
snapshot-code-name,144685,"LazyCompile:SetUpGlobal native v8natives.js:197"
snapshot-code-name,146030,"LazyCompile:hasOwnProperty native v8natives.js:251"
snapshot-code-name,152419,"LazyCompile:ObjectConstructor native v8natives.js:1371"
snapshot-code-name,153027,"LazyCompile:SetUpObject native v8natives.js:1385"
snapshot-code-name,155284,"LazyCompile:BooleanConstructor native v8natives.js:1437"
snapshot-code-name,156086,"LazyCompile:SetUpBoolean native v8natives.js:1472"
snapshot-code-name,157066,"LazyCompile:NumberConstructor native v8natives.js:1491"
snapshot-code-name,158522,"LazyCompile:SetUpNumber native v8natives.js:1635"
snapshot-code-name,161076,"LazyCompile:FunctionConstructor native v8natives.js:1813"
snapshot-code-name,161898,"LazyCompile:SetUpFunction native v8natives.js:1826"
snapshot-code-name,165729,"Script:native math.js"
snapshot-code-name,166295,"LazyCompile:MathConstructor native math.js:40"
snapshot-code-name,170289,"LazyCompile:SetUpMath native math.js:226"
snapshot-code-name,173001,"Script:native apinatives.js"
snapshot-code-name,174180,"Script:native date.js"
snapshot-code-name,179420,"LazyCompile:DateConstructor native date.js:141"
snapshot-code-name,181417,"Builtin:StoreIC_Initialize"
snapshot-code-name,189368,"LazyCompile:SetUpDate native date.js:761"
snapshot-code-name,193461,"Script:native string.js"
snapshot-code-name,194250,"LazyCompile:StringConstructor native string.js:35"
snapshot-code-name,204298,"LazyCompile:SetUpString native string.js:992"
snapshot-code-name,207351,"Script:native messages.js"
snapshot-code-name,210120,"LazyCompile:FormatString native messages.js:178"
snapshot-code-name,218185,"LazyCompile:MakeGenericError native messages.js:273"
snapshot-code-name,218773,"LazyCompile:FormatMessage native messages.js:292"
snapshot-code-name,219691,"LazyCompile:MakeRangeError native messages.js:326"
snapshot-code-name,224779,"LazyCompile:captureStackTrace native messages.js:1114"
snapshot-code-name,226896,"LazyCompile:SetUpError native messages.js:1164"
snapshot-code-name,227596,"LazyCompile:SetUpError.a native messages.js:1167"
snapshot-code-name,228685,"LazyCompile:d native messages.js:1183"
snapshot-code-name,229207,"LazyCompile: native messages.js:1193"
snapshot-code-name,231464,"LazyCompile:SetUpStackOverflowBoilerplate native messages.js:1292"
snapshot-code-name,249514,"LazyCompile: native messages.js:285"
snapshot-code-name,252074,"Script:native json.js"
snapshot-code-name,254232,"LazyCompile:SetUpJSON native json.js:219"
snapshot-code-name,255128,"Script:native regexp.js"
snapshot-code-name,257919,"LazyCompile:RegExpConstructor native regexp.js:90"
snapshot-code-name,259909,"LazyCompile:RegExpMakeCaptureGetter native regexp.js:360"
snapshot-code-name,260525,"LazyCompile:SetUpRegExp native regexp.js:400"
snapshot-code-name,264582,"Script:native runtime.js"
snapshot-code-name,265511,"LazyCompile:EQUALS native runtime.js:54"
snapshot-code-name,270920,"LazyCompile:STRICT_EQUALS native runtime.js:108"
snapshot-code-name,271574,"LazyCompile:COMPARE native runtime.js:128"
snapshot-code-name,272961,"LazyCompile:ADD native runtime.js:171"
snapshot-code-name,273974,"LazyCompile:STRING_ADD_LEFT native runtime.js:191"
snapshot-code-name,274873,"LazyCompile:STRING_ADD_RIGHT native runtime.js:206"
snapshot-code-name,275806,"LazyCompile:SUB native runtime.js:222"
snapshot-code-name,276424,"LazyCompile:MUL native runtime.js:230"
snapshot-code-name,277010,"LazyCompile:DIV native runtime.js:238"
snapshot-code-name,277596,"LazyCompile:MOD native runtime.js:246"
snapshot-code-name,278188,"LazyCompile:BIT_OR native runtime.js:260"
snapshot-code-name,278780,"LazyCompile:BIT_AND native runtime.js:268"
snapshot-code-name,279479,"LazyCompile:BIT_XOR native runtime.js:290"
snapshot-code-name,280075,"LazyCompile:UNARY_MINUS native runtime.js:298"
snapshot-code-name,280578,"LazyCompile:BIT_NOT native runtime.js:305"
snapshot-code-name,281077,"LazyCompile:SHL native runtime.js:312"
snapshot-code-name,281665,"LazyCompile:SAR native runtime.js:320"
snapshot-code-name,282360,"LazyCompile:SHR native runtime.js:342"
snapshot-code-name,282952,"LazyCompile:DELETE native runtime.js:356"
snapshot-code-name,283458,"LazyCompile:IN native runtime.js:362"
snapshot-code-name,284194,"LazyCompile:INSTANCE_OF native runtime.js:375"
snapshot-code-name,285407,"LazyCompile:FILTER_KEY native runtime.js:406"
snapshot-code-name,285928,"LazyCompile:CALL_NON_FUNCTION native runtime.js:413"
snapshot-code-name,286695,"LazyCompile:CALL_NON_FUNCTION_AS_CONSTRUCTOR native runtime.js:422"
snapshot-code-name,287450,"LazyCompile:CALL_FUNCTION_PROXY native runtime.js:431"
snapshot-code-name,288047,"LazyCompile:CALL_FUNCTION_PROXY_AS_CONSTRUCTOR native runtime.js:439"
snapshot-code-name,288600,"LazyCompile:APPLY_PREPARE native runtime.js:446"
snapshot-code-name,290199,"LazyCompile:APPLY_OVERFLOW native runtime.js:484"
snapshot-code-name,290730,"LazyCompile:TO_OBJECT native runtime.js:490"
snapshot-code-name,291139,"LazyCompile:TO_NUMBER native runtime.js:496"
snapshot-code-name,291548,"LazyCompile:TO_STRING native runtime.js:502"
snapshot-code-name,291937,"LazyCompile:ToPrimitive native runtime.js:514"
snapshot-code-name,292942,"LazyCompile:ToBoolean native runtime.js:526"
snapshot-code-name,293665,"LazyCompile:ToNumber native runtime.js:536"
snapshot-code-name,294589,"LazyCompile:ToString native runtime.js:561"
snapshot-code-name,295388,"LazyCompile:ToName native runtime.js:578"
snapshot-code-name,297030,"Builtin:Illegal"
snapshot-code-name,297160,"Builtin:InternalArrayCodeGeneric"
snapshot-code-name,297287,"Builtin:ArrayCodeGeneric"
snapshot-code-name,297414,"Builtin:ArrayPush"
snapshot-code-name,297541,"Builtin:ArrayPop"
snapshot-code-name,297668,"Builtin:ArrayShift"
snapshot-code-name,297795,"Builtin:ArrayUnshift"
snapshot-code-name,297922,"Builtin:ArraySlice"
snapshot-code-name,298049,"Builtin:ArraySplice"
snapshot-code-name,298176,"Builtin:ArrayConcat"
snapshot-code-name,298303,"Builtin:HandleApiCall"
snapshot-code-name,298430,"Builtin:HandleApiCallConstruct"
snapshot-code-name,298557,"Builtin:HandleApiCallAsFunction"
snapshot-code-name,298684,"Builtin:HandleApiCallAsConstructor"
snapshot-code-name,298811,"Builtin:StrictModePoisonPill"
snapshot-code-name,298942,"Builtin:InRecompileQueue"
snapshot-code-name,299056,"Builtin:InstallRecompiledCode"
snapshot-code-name,299219,"Builtin:JSConstructStubCountdown"
snapshot-code-name,299845,"Builtin:JSConstructStubApi"
snapshot-code-name,300349,"Builtin:JSEntryTrampoline"
snapshot-code-name,300539,"Builtin:JSConstructEntryTrampoline"
snapshot-code-name,300732,"Builtin:LazyRecompile"
snapshot-code-name,300894,"Builtin:ParallelRecompile"
snapshot-code-name,301056,"Builtin:NotifyDeoptimized"
snapshot-code-name,301264,"Builtin:NotifySoftDeoptimized"
snapshot-code-name,301472,"Builtin:NotifyLazyDeoptimized"
snapshot-code-name,301680,"Builtin:NotifyStubFailure"
snapshot-code-name,301810,"Builtin:NotifyOSR"
snapshot-code-name,301944,"Builtin:KeyedLoadIC_Miss"
snapshot-code-name,302071,"Builtin:KeyedLoadIC_MissForceGeneric"
snapshot-code-name,302198,"Builtin:KeyedLoadIC_Slow"
snapshot-code-name,302325,"Builtin:StoreIC_Miss"
snapshot-code-name,302452,"Builtin:StoreIC_Slow"
snapshot-code-name,302579,"Builtin:KeyedStoreIC_Miss"
snapshot-code-name,302706,"Builtin:KeyedStoreIC_MissForceGeneric"
snapshot-code-name,302833,"Builtin:KeyedStoreIC_Slow"
snapshot-code-name,302963,"Builtin:LoadIC_PreMonomorphic"
snapshot-code-name,303091,"Builtin:LoadIC_Normal"
snapshot-code-name,303460,"Builtin:LoadIC_Megamorphic"
snapshot-code-name,303827,"Builtin:LoadIC_Getter_ForDeopt"
snapshot-code-name,303947,"Builtin:LoadIC_Slow"
snapshot-code-name,304077,"Builtin:KeyedLoadIC_PreMonomorphic"
snapshot-code-name,304205,"Builtin:KeyedLoadIC_Generic"
snapshot-code-name,305226,"Builtin:KeyedLoadIC_String"
snapshot-code-name,305898,"Builtin:KeyedLoadIC_IndexedInterceptor"
snapshot-code-name,306104,"Builtin:KeyedLoadIC_NonStrictArguments"
snapshot-code-name,306379,"Builtin:StoreIC_Normal"
snapshot-code-name,306818,"Builtin:StoreIC_Megamorphic"
snapshot-code-name,307226,"Builtin:StoreIC_Generic"
snapshot-code-name,307353,"Builtin:StoreIC_Generic_Strict"
snapshot-code-name,307480,"Builtin:StoreIC_GlobalProxy"
snapshot-code-name,307607,"Builtin:StoreIC_Initialize_Strict"
snapshot-code-name,307735,"Builtin:StoreIC_Normal_Strict"
snapshot-code-name,308174,"Builtin:StoreIC_Megamorphic_Strict"
snapshot-code-name,308582,"Builtin:StoreIC_GlobalProxy_Strict"
snapshot-code-name,308709,"Builtin:StoreIC_Setter_ForDeopt"
snapshot-code-name,308829,"Builtin:KeyedStoreIC_Initialize"
snapshot-code-name,308957,"Builtin:KeyedStoreIC_Generic"
snapshot-code-name,311445,"Builtin:KeyedStoreIC_Initialize_Strict"
snapshot-code-name,311573,"Builtin:KeyedStoreIC_Generic_Strict"
snapshot-code-name,314062,"Builtin:KeyedStoreIC_NonStrictArguments"
snapshot-code-name,314406,"Builtin:TransitionElementsSmiToDouble"
snapshot-code-name,314881,"Builtin:TransitionElementsDoubleToObject"
snapshot-code-name,315393,"Builtin:FunctionCall"
snapshot-code-name,315834,"Builtin:FunctionApply"
snapshot-code-name,316310,"Builtin:InternalArrayCode"
snapshot-code-name,316432,"Builtin:ArrayCode"
snapshot-code-name,316557,"Builtin:CommonArrayConstructCode"
snapshot-code-name,317262,"Builtin:StringConstructCode"
snapshot-code-name,317725,"Builtin:OnStackReplacement"
snapshot-code-name,318168,"Builtin:MakeQuadragenarianCodeYoungAgainOddMarking"
snapshot-code-name,318321,"Builtin:MakeQuadragenarianCodeYoungAgainEvenMarking"
snapshot-code-name,318474,"Builtin:MakeQuinquagenarianCodeYoungAgainOddMarking"
snapshot-code-name,318627,"Builtin:MakeQuinquagenarianCodeYoungAgainEvenMarking"
snapshot-code-name,318780,"Builtin:MakeSexagenarianCodeYoungAgainOddMarking"
snapshot-code-name,318933,"Builtin:MakeSexagenarianCodeYoungAgainEvenMarking"
snapshot-code-name,319086,"Builtin:MakeSeptuagenarianCodeYoungAgainOddMarking"
snapshot-code-name,319239,"Builtin:MakeSeptuagenarianCodeYoungAgainEvenMarking"
snapshot-code-name,319392,"Builtin:MakeOctogenarianCodeYoungAgainOddMarking"
snapshot-code-name,319545,"Builtin:MakeOctogenarianCodeYoungAgainEvenMarking"
snapshot-code-name,319702,"Builtin:CallFunctionStub_DebugBreak"
snapshot-code-name,319871,"Builtin:CallFunctionStub_Recording_DebugBreak"
snapshot-code-name,320040,"Builtin:CallConstructStub_DebugBreak"
snapshot-code-name,320209,"Builtin:CallConstructStub_Recording_DebugBreak"
snapshot-code-name,320378,"Builtin:LoadIC_DebugBreak"
snapshot-code-name,320547,"Builtin:KeyedLoadIC_DebugBreak"
snapshot-code-name,320716,"Builtin:StoreIC_DebugBreak"
snapshot-code-name,320885,"Builtin:KeyedStoreIC_DebugBreak"
snapshot-code-name,321054,"Builtin:CompareNilIC_DebugBreak"
snapshot-code-name,321227,"Builtin:PlainReturn_LiveEdit"
snapshot-code-name,321341,"Builtin:FrameDropper_LiveEdit"
snapshot-code-name,324591,"Function:lazy index.bin:1"
snapshot-code-name,325003,"Function: index.bin:3"
